[ 2016-10-30T16:01:53+08:00 ] ::1 /lnc/
INFO: [ app_init ] --START--
INFO: Run Behavior\BuildLiteBehavior [ RunTime:0.000000s ]
INFO: [ app_init ] --END-- [ RunTime:0.001000s ]
INFO: [ app_begin ] --START--
INFO: Run Behavior\ReadHtmlCacheBehavior [ RunTime:0.001000s ]
INFO: [ app_begin ] --END-- [ RunTime:0.001000s ]
NOTIC: [2] gzuncompress(): data error D:\wamp64\www\lnc\Application\Home\Common\Controller\CommonController.class.php 第 14 行.
SQL: SHOW COLUMNS FROM `lnc_plate` [ RunTime:0.0150s ]
SQL: SELECT * FROM `lnc_plate`  [ RunTime:0.0000s ]
NOTIC: [2] gzuncompress(): data error D:\wamp64\www\lnc\Application\Home\Controller\MainController.class.php 第 18 行.
SQL: SHOW COLUMNS FROM `lnc_carousel` [ RunTime:0.0160s ]
SQL: SELECT * FROM `lnc_carousel`  [ RunTime:0.0010s ]
SQL: SHOW COLUMNS FROM `lnc_board` [ RunTime:0.0230s ]
SQL: SELECT lnc_board.b_id,lnc_board_name.b_name,lnc_board_explain.b_explain,lnc_board.b_headicon,SUM(lnc_post.p_read) as count FROM `lnc_board` INNER JOIN lnc_post on lnc_board.b_id=lnc_post.b_id INNER JOIN lnc_board_name on lnc_board.b_id=lnc_board_name.b_id INNER JOIN lnc_board_explain on lnc_board.b_id=lnc_board_explain.b_id  GROUP BY lnc_board_name.b_name,lnc_board_explain.b_explain LIMIT 3   [ RunTime:0.0900s ]
SQL: SHOW COLUMNS FROM `lnc_tweets` [ RunTime:0.0230s ]
SQL: SELECT * FROM `lnc_tweets` INNER JOIN lnc_tweets_title on lnc_tweets.t_id=lnc_tweets_title.t_id INNER JOIN lnc_tweets_content on lnc_tweets.t_id=lnc_tweets_content.t_id INNER JOIN lnc_tweets_author on lnc_tweets.t_id=lnc_tweets_author.t_id  WHERE `t_state` = '2' ORDER BY lnc_tweets.t_read desc,lnc_tweets.t_date desc LIMIT 8   [ RunTime:0.0570s ]
INFO: [ view_parse ] --START--
INFO: [ template_filter ] --START--
INFO: Run Behavior\ContentReplaceBehavior [ RunTime:0.000000s ]
INFO: [ template_filter ] --END-- [ RunTime:0.000000s ]
NOTIC: [8] Use of undefined constant verify - assumed 'verify' D:\wamp64\www\lnc\Application\Runtime\Cache\Home\7caeb51c0b49554d06e6411062e36c44.php 第 104 行.
INFO: Run Behavior\ParseTemplateBehavior [ RunTime:0.085005s ]
INFO: [ view_parse ] --END-- [ RunTime:0.085005s ]
INFO: [ view_filter ] --START--
INFO: Run Behavior\WriteHtmlCacheBehavior [ RunTime:0.001000s ]
INFO: [ view_filter ] --END-- [ RunTime:0.002000s ]
INFO: [ app_end ] --START--
INFO: Run Behavior\ShowPageTraceBehavior [ RunTime:0.003000s ]
INFO: [ app_end ] --END-- [ RunTime:0.003000s ]

[ 2016-10-30T16:01:53+08:00 ] ::1 /lnc/index.php/Main/verify.html
INFO: [ app_init ] --START--
INFO: Run Behavior\BuildLiteBehavior [ RunTime:0.000000s ]
INFO: [ app_init ] --END-- [ RunTime:0.000000s ]
INFO: [ app_begin ] --START--
INFO: Run Behavior\ReadHtmlCacheBehavior [ RunTime:0.000000s ]
INFO: [ app_begin ] --END-- [ RunTime:0.001000s ]
NOTIC: [2] gzuncompress(): data error D:\wamp64\www\lnc\Application\Home\Common\Controller\CommonController.class.php 第 14 行.
SQL: SHOW COLUMNS FROM `lnc_plate` [ RunTime:0.0010s ]
SQL: SELECT * FROM `lnc_plate`  [ RunTime:0.0000s ]
INFO: [ app_end ] --START--
INFO: Run Behavior\ShowPageTraceBehavior [ RunTime:0.001000s ]
INFO: [ app_end ] --END-- [ RunTime:0.001000s ]

[ 2016-10-30T19:26:15+08:00 ] ::1 /lnc/
INFO: [ app_init ] --START--
INFO: Run Behavior\BuildLiteBehavior [ RunTime:0.000000s ]
INFO: [ app_init ] --END-- [ RunTime:0.000000s ]
INFO: [ app_begin ] --START--
INFO: Run Behavior\ReadHtmlCacheBehavior [ RunTime:0.001000s ]
INFO: [ app_begin ] --END-- [ RunTime:0.001000s ]
NOTIC: [2] gzuncompress(): data error D:\wamp64\www\lnc\Application\Home\Common\Controller\CommonController.class.php 第 14 行.
SQL: SHOW COLUMNS FROM `lnc_plate` [ RunTime:0.0020s ]
SQL: SELECT * FROM `lnc_plate`  [ RunTime:0.0010s ]
NOTIC: [2] gzuncompress(): data error D:\wamp64\www\lnc\Application\Home\Controller\MainController.class.php 第 18 行.
SQL: SHOW COLUMNS FROM `lnc_carousel` [ RunTime:0.0020s ]
SQL: SELECT * FROM `lnc_carousel`  [ RunTime:0.0000s ]
SQL: SHOW COLUMNS FROM `lnc_board` [ RunTime:0.0020s ]
SQL: SELECT lnc_board.b_id,lnc_board_name.b_name,lnc_board_explain.b_explain,lnc_board.b_headicon,SUM(lnc_post.p_read) as count FROM `lnc_board` INNER JOIN lnc_post on lnc_board.b_id=lnc_post.b_id INNER JOIN lnc_board_name on lnc_board.b_id=lnc_board_name.b_id INNER JOIN lnc_board_explain on lnc_board.b_id=lnc_board_explain.b_id  GROUP BY lnc_board_name.b_name,lnc_board_explain.b_explain LIMIT 3   [ RunTime:0.0030s ]
SQL: SHOW COLUMNS FROM `lnc_tweets` [ RunTime:0.0010s ]
SQL: SELECT * FROM `lnc_tweets` INNER JOIN lnc_tweets_title on lnc_tweets.t_id=lnc_tweets_title.t_id INNER JOIN lnc_tweets_content on lnc_tweets.t_id=lnc_tweets_content.t_id INNER JOIN lnc_tweets_author on lnc_tweets.t_id=lnc_tweets_author.t_id  WHERE `t_state` = '2' ORDER BY lnc_tweets.t_read desc,lnc_tweets.t_date desc LIMIT 8   [ RunTime:0.0030s ]
INFO: [ view_parse ] --START--
INFO: [ template_filter ] --START--
INFO: Run Behavior\ContentReplaceBehavior [ RunTime:0.000000s ]
INFO: [ template_filter ] --END-- [ RunTime:0.000000s ]
NOTIC: [8] Use of undefined constant verify - assumed 'verify' D:\wamp64\www\lnc\Application\Runtime\Cache\Home\7caeb51c0b49554d06e6411062e36c44.php 第 104 行.
INFO: Run Behavior\ParseTemplateBehavior [ RunTime:0.020001s ]
INFO: [ view_parse ] --END-- [ RunTime:0.020001s ]
INFO: [ view_filter ] --START--
INFO: Run Behavior\WriteHtmlCacheBehavior [ RunTime:0.000000s ]
INFO: [ view_filter ] --END-- [ RunTime:0.000000s ]
INFO: [ app_end ] --START--
INFO: Run Behavior\ShowPageTraceBehavior [ RunTime:0.001000s ]
INFO: [ app_end ] --END-- [ RunTime:0.001000s ]

[ 2016-10-30T19:26:15+08:00 ] ::1 /lnc/index.php/Main/verify.html
INFO: [ app_init ] --START--
INFO: Run Behavior\BuildLiteBehavior [ RunTime:0.000000s ]
INFO: [ app_init ] --END-- [ RunTime:0.000000s ]
INFO: [ app_begin ] --START--
INFO: Run Behavior\ReadHtmlCacheBehavior [ RunTime:0.001000s ]
INFO: [ app_begin ] --END-- [ RunTime:0.001000s ]
NOTIC: [2] gzuncompress(): data error D:\wamp64\www\lnc\Application\Home\Common\Controller\CommonController.class.php 第 14 行.
SQL: SHOW COLUMNS FROM `lnc_plate` [ RunTime:0.0030s ]
SQL: SELECT * FROM `lnc_plate`  [ RunTime:0.0000s ]
INFO: [ app_end ] --START--
INFO: Run Behavior\ShowPageTraceBehavior [ RunTime:0.001000s ]
INFO: [ app_end ] --END-- [ RunTime:0.001000s ]

[ 2016-10-30T19:27:02+08:00 ] ::1 /lnc/
INFO: [ app_init ] --START--
INFO: Run Behavior\BuildLiteBehavior [ RunTime:0.001000s ]
INFO: [ app_init ] --END-- [ RunTime:0.001000s ]
INFO: [ app_begin ] --START--
INFO: Run Behavior\ReadHtmlCacheBehavior [ RunTime:0.000000s ]
INFO: [ app_begin ] --END-- [ RunTime:0.000000s ]
NOTIC: [2] gzuncompress(): data error D:\wamp64\www\lnc\Application\Home\Common\Controller\CommonController.class.php 第 14 行.
SQL: SHOW COLUMNS FROM `lnc_plate` [ RunTime:0.0010s ]
SQL: SELECT * FROM `lnc_plate`  [ RunTime:0.0010s ]
NOTIC: [2] gzuncompress(): data error D:\wamp64\www\lnc\Application\Home\Controller\MainController.class.php 第 18 行.
SQL: SHOW COLUMNS FROM `lnc_carousel` [ RunTime:0.0010s ]
SQL: SELECT * FROM `lnc_carousel`  [ RunTime:0.0000s ]
SQL: SHOW COLUMNS FROM `lnc_board` [ RunTime:0.0010s ]
SQL: SELECT lnc_board.b_id,lnc_board_name.b_name,lnc_board_explain.b_explain,lnc_board.b_headicon,SUM(lnc_post.p_read) as count FROM `lnc_board` INNER JOIN lnc_post on lnc_board.b_id=lnc_post.b_id INNER JOIN lnc_board_name on lnc_board.b_id=lnc_board_name.b_id INNER JOIN lnc_board_explain on lnc_board.b_id=lnc_board_explain.b_id  GROUP BY lnc_board_name.b_name,lnc_board_explain.b_explain LIMIT 3   [ RunTime:0.0030s ]
SQL: SHOW COLUMNS FROM `lnc_tweets` [ RunTime:0.0020s ]
SQL: SELECT * FROM `lnc_tweets` INNER JOIN lnc_tweets_title on lnc_tweets.t_id=lnc_tweets_title.t_id INNER JOIN lnc_tweets_content on lnc_tweets.t_id=lnc_tweets_content.t_id INNER JOIN lnc_tweets_author on lnc_tweets.t_id=lnc_tweets_author.t_id  WHERE `t_state` = '2' ORDER BY lnc_tweets.t_read desc,lnc_tweets.t_date desc LIMIT 8   [ RunTime:0.0040s ]
INFO: [ view_parse ] --START--
INFO: [ template_filter ] --START--
INFO: Run Behavior\ContentReplaceBehavior [ RunTime:0.001000s ]
INFO: [ template_filter ] --END-- [ RunTime:0.001000s ]
NOTIC: [8] Use of undefined constant verify - assumed 'verify' D:\wamp64\www\lnc\Application\Runtime\Cache\Home\7caeb51c0b49554d06e6411062e36c44.php 第 104 行.
INFO: Run Behavior\ParseTemplateBehavior [ RunTime:0.020001s ]
INFO: [ view_parse ] --END-- [ RunTime:0.020001s ]
INFO: [ view_filter ] --START--
INFO: Run Behavior\WriteHtmlCacheBehavior [ RunTime:0.000000s ]
INFO: [ view_filter ] --END-- [ RunTime:0.001000s ]
INFO: [ app_end ] --START--
INFO: Run Behavior\ShowPageTraceBehavior [ RunTime:0.001000s ]
INFO: [ app_end ] --END-- [ RunTime:0.001000s ]

[ 2016-10-30T19:27:02+08:00 ] ::1 /lnc/index.php/Main/verify.html
INFO: [ app_init ] --START--
INFO: Run Behavior\BuildLiteBehavior [ RunTime:0.000000s ]
INFO: [ app_init ] --END-- [ RunTime:0.001001s ]
INFO: [ app_begin ] --START--
INFO: Run Behavior\ReadHtmlCacheBehavior [ RunTime:0.000000s ]
INFO: [ app_begin ] --END-- [ RunTime:0.001000s ]
NOTIC: [2] gzuncompress(): data error D:\wamp64\www\lnc\Application\Home\Common\Controller\CommonController.class.php 第 14 行.
SQL: SHOW COLUMNS FROM `lnc_plate` [ RunTime:0.0020s ]
SQL: SELECT * FROM `lnc_plate`  [ RunTime:0.0000s ]
INFO: [ app_end ] --START--
INFO: Run Behavior\ShowPageTraceBehavior [ RunTime:0.000000s ]
INFO: [ app_end ] --END-- [ RunTime:0.001000s ]

[ 2016-10-30T19:45:26+08:00 ] ::1 /lnc/
INFO: [ app_init ] --START--
INFO: Run Behavior\BuildLiteBehavior [ RunTime:0.001000s ]
INFO: [ app_init ] --END-- [ RunTime:0.001000s ]
INFO: [ app_begin ] --START--
INFO: Run Behavior\ReadHtmlCacheBehavior [ RunTime:0.000000s ]
INFO: [ app_begin ] --END-- [ RunTime:0.000000s ]
NOTIC: [2] gzuncompress(): data error D:\wamp64\www\lnc\Application\Home\Common\Controller\CommonController.class.php 第 14 行.
SQL: SHOW COLUMNS FROM `lnc_plate` [ RunTime:0.0020s ]
SQL: SELECT * FROM `lnc_plate`  [ RunTime:0.0000s ]
NOTIC: [2] gzuncompress(): data error D:\wamp64\www\lnc\Application\Home\Controller\MainController.class.php 第 18 行.
SQL: SHOW COLUMNS FROM `lnc_carousel` [ RunTime:0.0010s ]
SQL: SELECT * FROM `lnc_carousel`  [ RunTime:0.0010s ]
SQL: SHOW COLUMNS FROM `lnc_board` [ RunTime:0.0010s ]
SQL: SELECT lnc_board.b_id,lnc_board_name.b_name,lnc_board_explain.b_explain,lnc_board.b_headicon,SUM(lnc_post.p_read) as count FROM `lnc_board` INNER JOIN lnc_post on lnc_board.b_id=lnc_post.b_id INNER JOIN lnc_board_name on lnc_board.b_id=lnc_board_name.b_id INNER JOIN lnc_board_explain on lnc_board.b_id=lnc_board_explain.b_id  GROUP BY lnc_board_name.b_name,lnc_board_explain.b_explain LIMIT 3   [ RunTime:0.0030s ]
SQL: SHOW COLUMNS FROM `lnc_tweets` [ RunTime:0.0010s ]
SQL: SELECT * FROM `lnc_tweets` INNER JOIN lnc_tweets_title on lnc_tweets.t_id=lnc_tweets_title.t_id INNER JOIN lnc_tweets_content on lnc_tweets.t_id=lnc_tweets_content.t_id INNER JOIN lnc_tweets_author on lnc_tweets.t_id=lnc_tweets_author.t_id  WHERE `t_state` = '2' ORDER BY lnc_tweets.t_read desc,lnc_tweets.t_date desc LIMIT 8   [ RunTime:0.0030s ]
INFO: [ view_parse ] --START--
INFO: [ template_filter ] --START--
INFO: Run Behavior\ContentReplaceBehavior [ RunTime:0.000000s ]
INFO: [ template_filter ] --END-- [ RunTime:0.000000s ]
NOTIC: [8] Use of undefined constant verify - assumed 'verify' D:\wamp64\www\lnc\Application\Runtime\Cache\Home\7caeb51c0b49554d06e6411062e36c44.php 第 104 行.
INFO: Run Behavior\ParseTemplateBehavior [ RunTime:0.017001s ]
INFO: [ view_parse ] --END-- [ RunTime:0.017001s ]
INFO: [ view_filter ] --START--
INFO: Run Behavior\WriteHtmlCacheBehavior [ RunTime:0.000000s ]
INFO: [ view_filter ] --END-- [ RunTime:0.000000s ]
INFO: [ app_end ] --START--
INFO: Run Behavior\ShowPageTraceBehavior [ RunTime:0.001000s ]
INFO: [ app_end ] --END-- [ RunTime:0.001000s ]

[ 2016-10-30T19:45:26+08:00 ] ::1 /lnc/index.php/Main/verify.html
INFO: [ app_init ] --START--
INFO: Run Behavior\BuildLiteBehavior [ RunTime:0.000000s ]
INFO: [ app_init ] --END-- [ RunTime:0.000000s ]
INFO: [ app_begin ] --START--
INFO: Run Behavior\ReadHtmlCacheBehavior [ RunTime:0.001000s ]
INFO: [ app_begin ] --END-- [ RunTime:0.001000s ]
NOTIC: [2] gzuncompress(): data error D:\wamp64\www\lnc\Application\Home\Common\Controller\CommonController.class.php 第 14 行.
SQL: SHOW COLUMNS FROM `lnc_plate` [ RunTime:0.0030s ]
SQL: SELECT * FROM `lnc_plate`  [ RunTime:0.0000s ]
INFO: [ app_end ] --START--
INFO: Run Behavior\ShowPageTraceBehavior [ RunTime:0.000000s ]
INFO: [ app_end ] --END-- [ RunTime:0.000000s ]

[ 2016-10-30T19:45:35+08:00 ] ::1 /lnc/BoardManage/index/id/10009
INFO: [ app_init ] --START--
INFO: Run Behavior\BuildLiteBehavior [ RunTime:0.000000s ]
INFO: [ app_init ] --END-- [ RunTime:0.001000s ]
INFO: [ app_begin ] --START--
INFO: Run Behavior\ReadHtmlCacheBehavior [ RunTime:0.001000s ]
INFO: [ app_begin ] --END-- [ RunTime:0.002000s ]
SQL: SHOW COLUMNS FROM `lnc_board` [ RunTime:0.0020s ]
SQL: SELECT `b_id` FROM `lnc_board` WHERE `u_id` = 10009  [ RunTime:0.0010s ]
INFO: [ view_parse ] --START--
INFO: [ template_filter ] --START--
INFO: Run Behavior\ContentReplaceBehavior [ RunTime:0.000000s ]
INFO: [ template_filter ] --END-- [ RunTime:0.000000s ]
INFO: Run Behavior\ParseTemplateBehavior [ RunTime:0.030001s ]
INFO: [ view_parse ] --END-- [ RunTime:0.031001s ]
INFO: [ view_filter ] --START--
INFO: Run Behavior\WriteHtmlCacheBehavior [ RunTime:0.000000s ]
INFO: [ view_filter ] --END-- [ RunTime:0.000000s ]

[ 2016-10-30T19:45:39+08:00 ] ::1 /lnc/BoardManage/index/id/10045
INFO: [ app_init ] --START--
INFO: Run Behavior\BuildLiteBehavior [ RunTime:0.000000s ]
INFO: [ app_init ] --END-- [ RunTime:0.001000s ]
INFO: [ app_begin ] --START--
INFO: Run Behavior\ReadHtmlCacheBehavior [ RunTime:0.001000s ]
INFO: [ app_begin ] --END-- [ RunTime:0.001000s ]
SQL: SHOW COLUMNS FROM `lnc_board` [ RunTime:0.0010s ]
SQL: SELECT `b_id` FROM `lnc_board` WHERE `u_id` = 10045  [ RunTime:0.0000s ]
INFO: [ view_parse ] --START--
INFO: [ template_filter ] --START--
INFO: Run Behavior\ContentReplaceBehavior [ RunTime:0.000000s ]
INFO: [ template_filter ] --END-- [ RunTime:0.000000s ]
INFO: Run Behavior\ParseTemplateBehavior [ RunTime:0.008001s ]
INFO: [ view_parse ] --END-- [ RunTime:0.008001s ]
INFO: [ view_filter ] --START--
INFO: Run Behavior\WriteHtmlCacheBehavior [ RunTime:0.001000s ]
INFO: [ view_filter ] --END-- [ RunTime:0.001000s ]
INFO: [ app_end ] --START--
INFO: Run Behavior\ShowPageTraceBehavior [ RunTime:0.001000s ]
INFO: [ app_end ] --END-- [ RunTime:0.001000s ]

[ 2016-10-30T19:45:39+08:00 ] ::1 /lnc/index.php/Home/BoardManage/top.html
INFO: [ app_init ] --START--
INFO: Run Behavior\BuildLiteBehavior [ RunTime:0.000000s ]
INFO: [ app_init ] --END-- [ RunTime:0.000000s ]
INFO: [ app_begin ] --START--
INFO: Run Behavior\ReadHtmlCacheBehavior [ RunTime:0.001000s ]
INFO: [ app_begin ] --END-- [ RunTime:0.002000s ]
INFO: [ view_parse ] --START--
INFO: [ template_filter ] --START--
INFO: Run Behavior\ContentReplaceBehavior [ RunTime:0.000000s ]
INFO: [ template_filter ] --END-- [ RunTime:0.000000s ]
INFO: Run Behavior\ParseTemplateBehavior [ RunTime:0.010001s ]
INFO: [ view_parse ] --END-- [ RunTime:0.010001s ]
INFO: [ view_filter ] --START--
INFO: Run Behavior\WriteHtmlCacheBehavior [ RunTime:0.001000s ]
INFO: [ view_filter ] --END-- [ RunTime:0.001000s ]
INFO: [ app_end ] --START--
INFO: Run Behavior\ShowPageTraceBehavior [ RunTime:0.001000s ]
INFO: [ app_end ] --END-- [ RunTime:0.001000s ]

[ 2016-10-30T19:45:39+08:00 ] ::1 /lnc/index.php/Home/BoardManage/left/id/10045
INFO: [ app_init ] --START--
INFO: Run Behavior\BuildLiteBehavior [ RunTime:0.000000s ]
INFO: [ app_init ] --END-- [ RunTime:0.000000s ]
INFO: [ app_begin ] --START--
INFO: Run Behavior\ReadHtmlCacheBehavior [ RunTime:0.002000s ]
INFO: [ app_begin ] --END-- [ RunTime:0.002000s ]
SQL: SHOW COLUMNS FROM `lnc_board` [ RunTime:0.0030s ]
SQL: SELECT `b_id` FROM `lnc_board` WHERE `u_id` = 10045  [ RunTime:0.0010s ]
INFO: [ view_parse ] --START--
INFO: [ template_filter ] --START--
INFO: Run Behavior\ContentReplaceBehavior [ RunTime:0.000000s ]
INFO: [ template_filter ] --END-- [ RunTime:0.000000s ]
INFO: Run Behavior\ParseTemplateBehavior [ RunTime:0.009001s ]
INFO: [ view_parse ] --END-- [ RunTime:0.009001s ]
INFO: [ view_filter ] --START--
INFO: Run Behavior\WriteHtmlCacheBehavior [ RunTime:0.001000s ]
INFO: [ view_filter ] --END-- [ RunTime:0.001000s ]
INFO: [ app_end ] --START--
INFO: Run Behavior\ShowPageTraceBehavior [ RunTime:0.001000s ]
INFO: [ app_end ] --END-- [ RunTime:0.001000s ]

[ 2016-10-30T19:45:39+08:00 ] ::1 /lnc/index.php/Home/BoardManage/right.html
INFO: [ app_init ] --START--
INFO: Run Behavior\BuildLiteBehavior [ RunTime:0.000000s ]
INFO: [ app_init ] --END-- [ RunTime:0.000000s ]
INFO: [ app_begin ] --START--
INFO: Run Behavior\ReadHtmlCacheBehavior [ RunTime:0.001000s ]
INFO: [ app_begin ] --END-- [ RunTime:0.001000s ]
INFO: [ view_parse ] --START--
INFO: [ template_filter ] --START--
INFO: Run Behavior\ContentReplaceBehavior [ RunTime:0.000000s ]
INFO: [ template_filter ] --END-- [ RunTime:0.000000s ]
INFO: Run Behavior\ParseTemplateBehavior [ RunTime:0.011001s ]
INFO: [ view_parse ] --END-- [ RunTime:0.011001s ]
INFO: [ view_filter ] --START--
INFO: Run Behavior\WriteHtmlCacheBehavior [ RunTime:0.001000s ]
INFO: [ view_filter ] --END-- [ RunTime:0.001000s ]
INFO: [ app_end ] --START--
INFO: Run Behavior\ShowPageTraceBehavior [ RunTime:0.001000s ]
INFO: [ app_end ] --END-- [ RunTime:0.001000s ]

[ 2016-10-30T19:45:42+08:00 ] ::1 /lnc/index.php/BoardManage/updateBoardAvatar/id/5.html
INFO: [ app_init ] --START--
INFO: Run Behavior\BuildLiteBehavior [ RunTime:0.000000s ]
INFO: [ app_init ] --END-- [ RunTime:0.000000s ]
INFO: [ app_begin ] --START--
INFO: Run Behavior\ReadHtmlCacheBehavior [ RunTime:0.001000s ]
INFO: [ app_begin ] --END-- [ RunTime:0.001000s ]
SQL: SHOW COLUMNS FROM `lnc_board` [ RunTime:0.0020s ]
SQL: SELECT * FROM `lnc_board` WHERE `b_id` = 5  [ RunTime:0.0000s ]
INFO: [ view_parse ] --START--
INFO: [ template_filter ] --START--
INFO: Run Behavior\ContentReplaceBehavior [ RunTime:0.000000s ]
INFO: [ template_filter ] --END-- [ RunTime:0.000000s ]
INFO: Run Behavior\ParseTemplateBehavior [ RunTime:0.027001s ]
INFO: [ view_parse ] --END-- [ RunTime:0.027001s ]
INFO: [ view_filter ] --START--
INFO: Run Behavior\WriteHtmlCacheBehavior [ RunTime:0.000000s ]
INFO: [ view_filter ] --END-- [ RunTime:0.000000s ]
INFO: [ app_end ] --START--
INFO: Run Behavior\ShowPageTraceBehavior [ RunTime:0.001001s ]
INFO: [ app_end ] --END-- [ RunTime:0.001001s ]

[ 2016-10-30T19:46:24+08:00 ] ::1 /lnc/
INFO: [ app_init ] --START--
INFO: Run Behavior\BuildLiteBehavior [ RunTime:0.000000s ]
INFO: [ app_init ] --END-- [ RunTime:0.000000s ]
INFO: [ app_begin ] --START--
INFO: Run Behavior\ReadHtmlCacheBehavior [ RunTime:0.001000s ]
INFO: [ app_begin ] --END-- [ RunTime:0.001000s ]
NOTIC: [2] gzuncompress(): data error D:\wamp64\www\lnc\Application\Home\Common\Controller\CommonController.class.php 第 14 行.
SQL: SHOW COLUMNS FROM `lnc_plate` [ RunTime:0.0010s ]
SQL: SELECT * FROM `lnc_plate`  [ RunTime:0.0000s ]
NOTIC: [2] gzuncompress(): data error D:\wamp64\www\lnc\Application\Home\Controller\MainController.class.php 第 18 行.
SQL: SHOW COLUMNS FROM `lnc_carousel` [ RunTime:0.0010s ]
SQL: SELECT * FROM `lnc_carousel`  [ RunTime:0.0000s ]
SQL: SHOW COLUMNS FROM `lnc_board` [ RunTime:0.0010s ]
SQL: SELECT lnc_board.b_id,lnc_board_name.b_name,lnc_board_explain.b_explain,lnc_board.b_headicon,SUM(lnc_post.p_read) as count FROM `lnc_board` INNER JOIN lnc_post on lnc_board.b_id=lnc_post.b_id INNER JOIN lnc_board_name on lnc_board.b_id=lnc_board_name.b_id INNER JOIN lnc_board_explain on lnc_board.b_id=lnc_board_explain.b_id  GROUP BY lnc_board_name.b_name,lnc_board_explain.b_explain LIMIT 3   [ RunTime:0.0030s ]
SQL: SHOW COLUMNS FROM `lnc_tweets` [ RunTime:0.0020s ]
SQL: SELECT * FROM `lnc_tweets` INNER JOIN lnc_tweets_title on lnc_tweets.t_id=lnc_tweets_title.t_id INNER JOIN lnc_tweets_content on lnc_tweets.t_id=lnc_tweets_content.t_id INNER JOIN lnc_tweets_author on lnc_tweets.t_id=lnc_tweets_author.t_id  WHERE `t_state` = '2' ORDER BY lnc_tweets.t_read desc,lnc_tweets.t_date desc LIMIT 8   [ RunTime:0.0030s ]
INFO: [ view_parse ] --START--
INFO: [ template_filter ] --START--
INFO: Run Behavior\ContentReplaceBehavior [ RunTime:0.000000s ]
INFO: [ template_filter ] --END-- [ RunTime:0.000000s ]
NOTIC: [8] Use of undefined constant verify - assumed 'verify' D:\wamp64\www\lnc\Application\Runtime\Cache\Home\7caeb51c0b49554d06e6411062e36c44.php 第 104 行.
INFO: Run Behavior\ParseTemplateBehavior [ RunTime:0.017001s ]
INFO: [ view_parse ] --END-- [ RunTime:0.017001s ]
INFO: [ view_filter ] --START--
INFO: Run Behavior\WriteHtmlCacheBehavior [ RunTime:0.000000s ]
INFO: [ view_filter ] --END-- [ RunTime:0.000000s ]
INFO: [ app_end ] --START--
INFO: Run Behavior\ShowPageTraceBehavior [ RunTime:0.000000s ]
INFO: [ app_end ] --END-- [ RunTime:0.000000s ]

[ 2016-10-30T19:46:24+08:00 ] ::1 /lnc/
INFO: [ app_init ] --START--
INFO: Run Behavior\BuildLiteBehavior [ RunTime:0.000000s ]
INFO: [ app_init ] --END-- [ RunTime:0.001000s ]
INFO: [ app_begin ] --START--
INFO: Run Behavior\ReadHtmlCacheBehavior [ RunTime:0.001000s ]
INFO: [ app_begin ] --END-- [ RunTime:0.001000s ]
NOTIC: [2] gzuncompress(): data error D:\wamp64\www\lnc\Application\Home\Common\Controller\CommonController.class.php 第 14 行.
SQL: SHOW COLUMNS FROM `lnc_plate` [ RunTime:0.0020s ]
SQL: SELECT * FROM `lnc_plate`  [ RunTime:0.0000s ]
NOTIC: [2] gzuncompress(): data error D:\wamp64\www\lnc\Application\Home\Controller\MainController.class.php 第 18 行.
SQL: SHOW COLUMNS FROM `lnc_carousel` [ RunTime:0.0010s ]
SQL: SELECT * FROM `lnc_carousel`  [ RunTime:0.0010s ]
SQL: SHOW COLUMNS FROM `lnc_board` [ RunTime:0.0010s ]
SQL: SELECT lnc_board.b_id,lnc_board_name.b_name,lnc_board_explain.b_explain,lnc_board.b_headicon,SUM(lnc_post.p_read) as count FROM `lnc_board` INNER JOIN lnc_post on lnc_board.b_id=lnc_post.b_id INNER JOIN lnc_board_name on lnc_board.b_id=lnc_board_name.b_id INNER JOIN lnc_board_explain on lnc_board.b_id=lnc_board_explain.b_id  GROUP BY lnc_board_name.b_name,lnc_board_explain.b_explain LIMIT 3   [ RunTime:0.0030s ]
SQL: SHOW COLUMNS FROM `lnc_tweets` [ RunTime:0.0010s ]
SQL: SELECT * FROM `lnc_tweets` INNER JOIN lnc_tweets_title on lnc_tweets.t_id=lnc_tweets_title.t_id INNER JOIN lnc_tweets_content on lnc_tweets.t_id=lnc_tweets_content.t_id INNER JOIN lnc_tweets_author on lnc_tweets.t_id=lnc_tweets_author.t_id  WHERE `t_state` = '2' ORDER BY lnc_tweets.t_read desc,lnc_tweets.t_date desc LIMIT 8   [ RunTime:0.0040s ]
INFO: [ view_parse ] --START--
INFO: [ template_filter ] --START--
INFO: Run Behavior\ContentReplaceBehavior [ RunTime:0.000000s ]
INFO: [ template_filter ] --END-- [ RunTime:0.000000s ]
NOTIC: [8] Use of undefined constant verify - assumed 'verify' D:\wamp64\www\lnc\Application\Runtime\Cache\Home\7caeb51c0b49554d06e6411062e36c44.php 第 104 行.
INFO: Run Behavior\ParseTemplateBehavior [ RunTime:0.013000s ]
INFO: [ view_parse ] --END-- [ RunTime:0.013000s ]
INFO: [ view_filter ] --START--
INFO: Run Behavior\WriteHtmlCacheBehavior [ RunTime:0.000000s ]
INFO: [ view_filter ] --END-- [ RunTime:0.000000s ]
INFO: [ app_end ] --START--
INFO: Run Behavior\ShowPageTraceBehavior [ RunTime:0.000000s ]
INFO: [ app_end ] --END-- [ RunTime:0.000000s ]

[ 2016-10-30T19:46:24+08:00 ] ::1 /lnc/index.php/Main/verify.html
INFO: [ app_init ] --START--
INFO: Run Behavior\BuildLiteBehavior [ RunTime:0.000000s ]
INFO: [ app_init ] --END-- [ RunTime:0.000000s ]
INFO: [ app_begin ] --START--
INFO: Run Behavior\ReadHtmlCacheBehavior [ RunTime:0.000000s ]
INFO: [ app_begin ] --END-- [ RunTime:0.000000s ]
NOTIC: [2] gzuncompress(): data error D:\wamp64\www\lnc\Application\Home\Common\Controller\CommonController.class.php 第 14 行.
SQL: SHOW COLUMNS FROM `lnc_plate` [ RunTime:0.0020s ]
SQL: SELECT * FROM `lnc_plate`  [ RunTime:0.0000s ]
INFO: [ app_end ] --START--
INFO: Run Behavior\ShowPageTraceBehavior [ RunTime:0.001000s ]
INFO: [ app_end ] --END-- [ RunTime:0.002000s ]

