[ 2016-10-27T13:42:20+08:00 ] ::1 /lnc/
INFO: [ app_init ] --START--
INFO: Run Behavior\BuildLiteBehavior [ RunTime:0.000000s ]
INFO: [ app_init ] --END-- [ RunTime:0.001000s ]
INFO: [ app_begin ] --START--
INFO: Run Behavior\ReadHtmlCacheBehavior [ RunTime:0.001000s ]
INFO: [ app_begin ] --END-- [ RunTime:0.001000s ]
NOTIC: [2] gzuncompress(): data error D:\wamp64\www\lnc\Application\Home\Common\Controller\CommonController.class.php 第 14 行.
SQL: SHOW COLUMNS FROM `lnc_plate` [ RunTime:0.0010s ]
SQL: SELECT * FROM `lnc_plate`  [ RunTime:0.0000s ]
NOTIC: [2] gzuncompress(): data error D:\wamp64\www\lnc\Application\Home\Controller\MainController.class.php 第 18 行.
SQL: SHOW COLUMNS FROM `lnc_carousel` [ RunTime:0.0010s ]
SQL: SELECT * FROM `lnc_carousel`  [ RunTime:0.0000s ]
SQL: SHOW COLUMNS FROM `lnc_board` [ RunTime:0.0020s ]
SQL: SELECT lnc_board.b_id,lnc_board_name.b_name,lnc_board_explain.b_explain,lnc_board.b_headicon,SUM(lnc_post.p_read) as count FROM `lnc_board` INNER JOIN lnc_post on lnc_board.b_id=lnc_post.b_id INNER JOIN lnc_board_name on lnc_board.b_id=lnc_board_name.b_id INNER JOIN lnc_board_explain on lnc_board.b_id=lnc_board_explain.b_id  GROUP BY lnc_board_name.b_name,lnc_board_explain.b_explain LIMIT 3   [ RunTime:0.0030s ]
SQL: SHOW COLUMNS FROM `lnc_tweets` [ RunTime:0.0020s ]
SQL: SELECT * FROM `lnc_tweets` INNER JOIN lnc_tweets_title on lnc_tweets.t_id=lnc_tweets_title.t_id INNER JOIN lnc_tweets_content on lnc_tweets.t_id=lnc_tweets_content.t_id INNER JOIN lnc_tweets_author on lnc_tweets.t_id=lnc_tweets_author.t_id  WHERE `t_state` = '2' ORDER BY lnc_tweets.t_read desc,lnc_tweets.t_date desc LIMIT 8   [ RunTime:0.0190s ]
INFO: [ view_parse ] --START--
INFO: [ template_filter ] --START--
INFO: Run Behavior\ContentReplaceBehavior [ RunTime:0.000000s ]
INFO: [ template_filter ] --END-- [ RunTime:0.000000s ]
NOTIC: [8] Use of undefined constant verify - assumed 'verify' D:\wamp64\www\lnc\Application\Runtime\Cache\Home\7caeb51c0b49554d06e6411062e36c44.php 第 104 行.
INFO: Run Behavior\ParseTemplateBehavior [ RunTime:0.018001s ]
INFO: [ view_parse ] --END-- [ RunTime:0.018001s ]
INFO: [ view_filter ] --START--
INFO: Run Behavior\WriteHtmlCacheBehavior [ RunTime:0.001000s ]
INFO: [ view_filter ] --END-- [ RunTime:0.001000s ]
INFO: [ app_end ] --START--
INFO: Run Behavior\ShowPageTraceBehavior [ RunTime:0.001000s ]
INFO: [ app_end ] --END-- [ RunTime:0.001000s ]

[ 2016-10-27T13:42:20+08:00 ] ::1 /lnc/
INFO: [ app_init ] --START--
INFO: Run Behavior\BuildLiteBehavior [ RunTime:0.000000s ]
INFO: [ app_init ] --END-- [ RunTime:0.000000s ]
INFO: [ app_begin ] --START--
INFO: Run Behavior\ReadHtmlCacheBehavior [ RunTime:0.000000s ]
INFO: [ app_begin ] --END-- [ RunTime:0.000000s ]
NOTIC: [2] gzuncompress(): data error D:\wamp64\www\lnc\Application\Home\Common\Controller\CommonController.class.php 第 14 行.
SQL: SHOW COLUMNS FROM `lnc_plate` [ RunTime:0.0220s ]
SQL: SELECT * FROM `lnc_plate`  [ RunTime:0.0010s ]
NOTIC: [2] gzuncompress(): data error D:\wamp64\www\lnc\Application\Home\Controller\MainController.class.php 第 18 行.
SQL: SHOW COLUMNS FROM `lnc_carousel` [ RunTime:0.0020s ]
SQL: SELECT * FROM `lnc_carousel`  [ RunTime:0.0000s ]
SQL: SHOW COLUMNS FROM `lnc_board` [ RunTime:0.0150s ]
SQL: SELECT lnc_board.b_id,lnc_board_name.b_name,lnc_board_explain.b_explain,lnc_board.b_headicon,SUM(lnc_post.p_read) as count FROM `lnc_board` INNER JOIN lnc_post on lnc_board.b_id=lnc_post.b_id INNER JOIN lnc_board_name on lnc_board.b_id=lnc_board_name.b_id INNER JOIN lnc_board_explain on lnc_board.b_id=lnc_board_explain.b_id  GROUP BY lnc_board_name.b_name,lnc_board_explain.b_explain LIMIT 3   [ RunTime:0.0760s ]
SQL: SHOW COLUMNS FROM `lnc_tweets` [ RunTime:0.0180s ]
SQL: SELECT * FROM `lnc_tweets` INNER JOIN lnc_tweets_title on lnc_tweets.t_id=lnc_tweets_title.t_id INNER JOIN lnc_tweets_content on lnc_tweets.t_id=lnc_tweets_content.t_id INNER JOIN lnc_tweets_author on lnc_tweets.t_id=lnc_tweets_author.t_id  WHERE `t_state` = '2' ORDER BY lnc_tweets.t_read desc,lnc_tweets.t_date desc LIMIT 8   [ RunTime:0.1220s ]
INFO: [ view_parse ] --START--
INFO: [ template_filter ] --START--
INFO: Run Behavior\ContentReplaceBehavior [ RunTime:0.000000s ]
INFO: [ template_filter ] --END-- [ RunTime:0.001000s ]
NOTIC: [8] Use of undefined constant verify - assumed 'verify' D:\wamp64\www\lnc\Application\Runtime\Cache\Home\7caeb51c0b49554d06e6411062e36c44.php 第 104 行.
INFO: Run Behavior\ParseTemplateBehavior [ RunTime:0.021001s ]
INFO: [ view_parse ] --END-- [ RunTime:0.021001s ]
INFO: [ view_filter ] --START--
INFO: Run Behavior\WriteHtmlCacheBehavior [ RunTime:0.001000s ]
INFO: [ view_filter ] --END-- [ RunTime:0.001000s ]
INFO: [ app_end ] --START--
INFO: Run Behavior\ShowPageTraceBehavior [ RunTime:0.001000s ]
INFO: [ app_end ] --END-- [ RunTime:0.001000s ]

[ 2016-10-27T13:42:20+08:00 ] ::1 /lnc/index.php/Main/verify.html
INFO: [ app_init ] --START--
INFO: Run Behavior\BuildLiteBehavior [ RunTime:0.000000s ]
INFO: [ app_init ] --END-- [ RunTime:0.001001s ]
INFO: [ app_begin ] --START--
INFO: Run Behavior\ReadHtmlCacheBehavior [ RunTime:0.001000s ]
INFO: [ app_begin ] --END-- [ RunTime:0.001000s ]
NOTIC: [2] gzuncompress(): data error D:\wamp64\www\lnc\Application\Home\Common\Controller\CommonController.class.php 第 14 行.
SQL: SHOW COLUMNS FROM `lnc_plate` [ RunTime:0.0020s ]
SQL: SELECT * FROM `lnc_plate`  [ RunTime:0.0010s ]
INFO: [ app_end ] --START--
INFO: Run Behavior\ShowPageTraceBehavior [ RunTime:0.001000s ]
INFO: [ app_end ] --END-- [ RunTime:0.001000s ]

[ 2016-10-27T13:42:31+08:00 ] ::1 /lnc/Home/User/sendEmail?email=1316107553@qq.com&code=275688
INFO: [ app_init ] --START--
INFO: Run Behavior\BuildLiteBehavior [ RunTime:0.000000s ]
INFO: [ app_init ] --END-- [ RunTime:0.001000s ]
INFO: [ app_begin ] --START--
INFO: Run Behavior\ReadHtmlCacheBehavior [ RunTime:0.001000s ]
INFO: [ app_begin ] --END-- [ RunTime:0.001000s ]
NOTIC: [2] gzuncompress(): data error D:\wamp64\www\lnc\Application\Home\Common\Controller\CommonController.class.php 第 14 行.
SQL: SHOW COLUMNS FROM `lnc_plate` [ RunTime:0.0020s ]
SQL: SELECT * FROM `lnc_plate`  [ RunTime:0.0000s ]

[ 2016-10-27T13:43:23+08:00 ] ::1 /lnc/Home/User/sendEmail?email=1316107553@qq.com&code=377363
INFO: [ app_init ] --START--
INFO: Run Behavior\BuildLiteBehavior [ RunTime:0.000000s ]
INFO: [ app_init ] --END-- [ RunTime:0.000000s ]
INFO: [ app_begin ] --START--
INFO: Run Behavior\ReadHtmlCacheBehavior [ RunTime:0.001000s ]
INFO: [ app_begin ] --END-- [ RunTime:0.001000s ]
NOTIC: [2] gzuncompress(): data error D:\wamp64\www\lnc\Application\Home\Common\Controller\CommonController.class.php 第 14 行.
SQL: SHOW COLUMNS FROM `lnc_plate` [ RunTime:0.0010s ]
SQL: SELECT * FROM `lnc_plate`  [ RunTime:0.0000s ]

[ 2016-10-27T13:44:05+08:00 ] ::1 /lnc/Home/User/sendEmail?email=1316107553@qq.com&code=799454
INFO: [ app_init ] --START--
INFO: Run Behavior\BuildLiteBehavior [ RunTime:0.000000s ]
INFO: [ app_init ] --END-- [ RunTime:0.000000s ]
INFO: [ app_begin ] --START--
INFO: Run Behavior\ReadHtmlCacheBehavior [ RunTime:0.000000s ]
INFO: [ app_begin ] --END-- [ RunTime:0.002000s ]
NOTIC: [2] gzuncompress(): data error D:\wamp64\www\lnc\Application\Home\Common\Controller\CommonController.class.php 第 14 行.
SQL: SHOW COLUMNS FROM `lnc_plate` [ RunTime:0.0010s ]
SQL: SELECT * FROM `lnc_plate`  [ RunTime:0.0000s ]

[ 2016-10-27T13:44:10+08:00 ] ::1 /lnc/Home/User/sendEmail?email=1316107553@qq.com&code=444839
INFO: [ app_init ] --START--
INFO: Run Behavior\BuildLiteBehavior [ RunTime:0.000000s ]
INFO: [ app_init ] --END-- [ RunTime:0.000000s ]
INFO: [ app_begin ] --START--
INFO: Run Behavior\ReadHtmlCacheBehavior [ RunTime:0.001000s ]
INFO: [ app_begin ] --END-- [ RunTime:0.001000s ]
NOTIC: [2] gzuncompress(): data error D:\wamp64\www\lnc\Application\Home\Common\Controller\CommonController.class.php 第 14 行.
SQL: SHOW COLUMNS FROM `lnc_plate` [ RunTime:0.0010s ]
SQL: SELECT * FROM `lnc_plate`  [ RunTime:0.0000s ]

[ 2016-10-27T13:48:40+08:00 ] ::1 /lnc/
INFO: [ app_init ] --START--
INFO: Run Behavior\BuildLiteBehavior [ RunTime:0.000000s ]
INFO: [ app_init ] --END-- [ RunTime:0.000000s ]
INFO: [ app_begin ] --START--
INFO: Run Behavior\ReadHtmlCacheBehavior [ RunTime:0.001000s ]
INFO: [ app_begin ] --END-- [ RunTime:0.001000s ]
NOTIC: [2] gzuncompress(): data error D:\wamp64\www\lnc\Application\Home\Common\Controller\CommonController.class.php 第 14 行.
SQL: SHOW COLUMNS FROM `lnc_plate` [ RunTime:0.0030s ]
SQL: SELECT * FROM `lnc_plate`  [ RunTime:0.0010s ]
NOTIC: [2] gzuncompress(): data error D:\wamp64\www\lnc\Application\Home\Controller\MainController.class.php 第 18 行.
SQL: SHOW COLUMNS FROM `lnc_carousel` [ RunTime:0.0030s ]
SQL: SELECT * FROM `lnc_carousel`  [ RunTime:0.0010s ]
SQL: SHOW COLUMNS FROM `lnc_board` [ RunTime:0.0030s ]
SQL: SELECT lnc_board.b_id,lnc_board_name.b_name,lnc_board_explain.b_explain,lnc_board.b_headicon,SUM(lnc_post.p_read) as count FROM `lnc_board` INNER JOIN lnc_post on lnc_board.b_id=lnc_post.b_id INNER JOIN lnc_board_name on lnc_board.b_id=lnc_board_name.b_id INNER JOIN lnc_board_explain on lnc_board.b_id=lnc_board_explain.b_id  GROUP BY lnc_board_name.b_name,lnc_board_explain.b_explain LIMIT 3   [ RunTime:0.0160s ]
SQL: SHOW COLUMNS FROM `lnc_tweets` [ RunTime:0.0020s ]
SQL: SELECT * FROM `lnc_tweets` INNER JOIN lnc_tweets_title on lnc_tweets.t_id=lnc_tweets_title.t_id INNER JOIN lnc_tweets_content on lnc_tweets.t_id=lnc_tweets_content.t_id INNER JOIN lnc_tweets_author on lnc_tweets.t_id=lnc_tweets_author.t_id  WHERE `t_state` = '2' ORDER BY lnc_tweets.t_read desc,lnc_tweets.t_date desc LIMIT 8   [ RunTime:0.0130s ]
INFO: [ view_parse ] --START--
INFO: [ template_filter ] --START--
INFO: Run Behavior\ContentReplaceBehavior [ RunTime:0.000000s ]
INFO: [ template_filter ] --END-- [ RunTime:0.000000s ]
NOTIC: [8] Use of undefined constant verify - assumed 'verify' D:\wamp64\www\lnc\Application\Runtime\Cache\Home\7caeb51c0b49554d06e6411062e36c44.php 第 104 行.
INFO: Run Behavior\ParseTemplateBehavior [ RunTime:0.033002s ]
INFO: [ view_parse ] --END-- [ RunTime:0.033002s ]
INFO: [ view_filter ] --START--
INFO: Run Behavior\WriteHtmlCacheBehavior [ RunTime:0.001000s ]
INFO: [ view_filter ] --END-- [ RunTime:0.001000s ]
INFO: [ app_end ] --START--
INFO: Run Behavior\ShowPageTraceBehavior [ RunTime:0.001000s ]
INFO: [ app_end ] --END-- [ RunTime:0.001000s ]

[ 2016-10-27T13:48:40+08:00 ] ::1 /lnc/index.php/Main/verify.html
INFO: [ app_init ] --START--
INFO: Run Behavior\BuildLiteBehavior [ RunTime:0.000000s ]
INFO: [ app_init ] --END-- [ RunTime:0.001000s ]
INFO: [ app_begin ] --START--
INFO: Run Behavior\ReadHtmlCacheBehavior [ RunTime:0.002000s ]
INFO: [ app_begin ] --END-- [ RunTime:0.002000s ]
NOTIC: [2] gzuncompress(): data error D:\wamp64\www\lnc\Application\Home\Common\Controller\CommonController.class.php 第 14 行.
SQL: SHOW COLUMNS FROM `lnc_plate` [ RunTime:0.0040s ]
SQL: SELECT * FROM `lnc_plate`  [ RunTime:0.0000s ]
INFO: [ app_end ] --START--
INFO: Run Behavior\ShowPageTraceBehavior [ RunTime:0.001000s ]
INFO: [ app_end ] --END-- [ RunTime:0.001000s ]

[ 2016-10-27T13:48:49+08:00 ] ::1 /lnc/Home/User/sendEmail
INFO: [ app_init ] --START--
INFO: Run Behavior\BuildLiteBehavior [ RunTime:0.000000s ]
INFO: [ app_init ] --END-- [ RunTime:0.001000s ]
INFO: [ app_begin ] --START--
INFO: Run Behavior\ReadHtmlCacheBehavior [ RunTime:0.000000s ]
INFO: [ app_begin ] --END-- [ RunTime:0.000000s ]
NOTIC: [2] gzuncompress(): data error D:\wamp64\www\lnc\Application\Home\Common\Controller\CommonController.class.php 第 14 行.
SQL: SHOW COLUMNS FROM `lnc_plate` [ RunTime:0.0020s ]
SQL: SELECT * FROM `lnc_plate`  [ RunTime:0.0010s ]

[ 2016-10-27T13:50:42+08:00 ] ::1 /lnc/
INFO: [ app_init ] --START--
INFO: Run Behavior\BuildLiteBehavior [ RunTime:0.000000s ]
INFO: [ app_init ] --END-- [ RunTime:0.000000s ]
INFO: [ app_begin ] --START--
INFO: Run Behavior\ReadHtmlCacheBehavior [ RunTime:0.001000s ]
INFO: [ app_begin ] --END-- [ RunTime:0.001000s ]
NOTIC: [2] gzuncompress(): data error D:\wamp64\www\lnc\Application\Home\Common\Controller\CommonController.class.php 第 14 行.
SQL: SHOW COLUMNS FROM `lnc_plate` [ RunTime:0.0030s ]
SQL: SELECT * FROM `lnc_plate`  [ RunTime:0.0010s ]
NOTIC: [2] gzuncompress(): data error D:\wamp64\www\lnc\Application\Home\Controller\MainController.class.php 第 18 行.
SQL: SHOW COLUMNS FROM `lnc_carousel` [ RunTime:0.0030s ]
SQL: SELECT * FROM `lnc_carousel`  [ RunTime:0.0010s ]
SQL: SHOW COLUMNS FROM `lnc_board` [ RunTime:0.0020s ]
SQL: SELECT lnc_board.b_id,lnc_board_name.b_name,lnc_board_explain.b_explain,lnc_board.b_headicon,SUM(lnc_post.p_read) as count FROM `lnc_board` INNER JOIN lnc_post on lnc_board.b_id=lnc_post.b_id INNER JOIN lnc_board_name on lnc_board.b_id=lnc_board_name.b_id INNER JOIN lnc_board_explain on lnc_board.b_id=lnc_board_explain.b_id  GROUP BY lnc_board_name.b_name,lnc_board_explain.b_explain LIMIT 3   [ RunTime:0.0060s ]
SQL: SHOW COLUMNS FROM `lnc_tweets` [ RunTime:0.0030s ]
SQL: SELECT * FROM `lnc_tweets` INNER JOIN lnc_tweets_title on lnc_tweets.t_id=lnc_tweets_title.t_id INNER JOIN lnc_tweets_content on lnc_tweets.t_id=lnc_tweets_content.t_id INNER JOIN lnc_tweets_author on lnc_tweets.t_id=lnc_tweets_author.t_id  WHERE `t_state` = '2' ORDER BY lnc_tweets.t_read desc,lnc_tweets.t_date desc LIMIT 8   [ RunTime:0.0040s ]
INFO: [ view_parse ] --START--
INFO: [ template_filter ] --START--
INFO: Run Behavior\ContentReplaceBehavior [ RunTime:0.001001s ]
INFO: [ template_filter ] --END-- [ RunTime:0.001001s ]
NOTIC: [8] Use of undefined constant verify - assumed 'verify' D:\wamp64\www\lnc\Application\Runtime\Cache\Home\7caeb51c0b49554d06e6411062e36c44.php 第 104 行.
INFO: Run Behavior\ParseTemplateBehavior [ RunTime:0.023001s ]
INFO: [ view_parse ] --END-- [ RunTime:0.024001s ]
INFO: [ view_filter ] --START--
INFO: Run Behavior\WriteHtmlCacheBehavior [ RunTime:0.001000s ]
INFO: [ view_filter ] --END-- [ RunTime:0.001000s ]
INFO: [ app_end ] --START--
INFO: Run Behavior\ShowPageTraceBehavior [ RunTime:0.001000s ]
INFO: [ app_end ] --END-- [ RunTime:0.002000s ]

[ 2016-10-27T13:50:43+08:00 ] ::1 /lnc/index.php/Main/verify.html
INFO: [ app_init ] --START--
INFO: Run Behavior\BuildLiteBehavior [ RunTime:0.000000s ]
INFO: [ app_init ] --END-- [ RunTime:0.000000s ]
INFO: [ app_begin ] --START--
INFO: Run Behavior\ReadHtmlCacheBehavior [ RunTime:0.001000s ]
INFO: [ app_begin ] --END-- [ RunTime:0.002000s ]
NOTIC: [2] gzuncompress(): data error D:\wamp64\www\lnc\Application\Home\Common\Controller\CommonController.class.php 第 14 行.
SQL: SHOW COLUMNS FROM `lnc_plate` [ RunTime:0.0030s ]
SQL: SELECT * FROM `lnc_plate`  [ RunTime:0.0000s ]
INFO: [ app_end ] --START--
INFO: Run Behavior\ShowPageTraceBehavior [ RunTime:0.001000s ]
INFO: [ app_end ] --END-- [ RunTime:0.001000s ]

[ 2016-10-27T13:50:49+08:00 ] ::1 /lnc/Home/User/sendEmail
INFO: [ app_init ] --START--
INFO: Run Behavior\BuildLiteBehavior [ RunTime:0.000000s ]
INFO: [ app_init ] --END-- [ RunTime:0.000000s ]
INFO: [ app_begin ] --START--
INFO: Run Behavior\ReadHtmlCacheBehavior [ RunTime:0.000000s ]
INFO: [ app_begin ] --END-- [ RunTime:0.000000s ]
NOTIC: [2] gzuncompress(): data error D:\wamp64\www\lnc\Application\Home\Common\Controller\CommonController.class.php 第 14 行.
SQL: SHOW COLUMNS FROM `lnc_plate` [ RunTime:0.0020s ]
SQL: SELECT * FROM `lnc_plate`  [ RunTime:0.0010s ]

[ 2016-10-27T13:51:14+08:00 ] ::1 /lnc/
INFO: [ app_init ] --START--
INFO: Run Behavior\BuildLiteBehavior [ RunTime:0.000000s ]
INFO: [ app_init ] --END-- [ RunTime:0.000000s ]
INFO: [ app_begin ] --START--
INFO: Run Behavior\ReadHtmlCacheBehavior [ RunTime:0.000000s ]
INFO: [ app_begin ] --END-- [ RunTime:0.000000s ]
NOTIC: [2] gzuncompress(): data error D:\wamp64\www\lnc\Application\Home\Common\Controller\CommonController.class.php 第 14 行.
SQL: SHOW COLUMNS FROM `lnc_plate` [ RunTime:0.0020s ]
SQL: SELECT * FROM `lnc_plate`  [ RunTime:0.0010s ]
NOTIC: [2] gzuncompress(): data error D:\wamp64\www\lnc\Application\Home\Controller\MainController.class.php 第 18 行.
SQL: SHOW COLUMNS FROM `lnc_carousel` [ RunTime:0.0030s ]
SQL: SELECT * FROM `lnc_carousel`  [ RunTime:0.0020s ]
SQL: SHOW COLUMNS FROM `lnc_board` [ RunTime:0.0030s ]
SQL: SELECT lnc_board.b_id,lnc_board_name.b_name,lnc_board_explain.b_explain,lnc_board.b_headicon,SUM(lnc_post.p_read) as count FROM `lnc_board` INNER JOIN lnc_post on lnc_board.b_id=lnc_post.b_id INNER JOIN lnc_board_name on lnc_board.b_id=lnc_board_name.b_id INNER JOIN lnc_board_explain on lnc_board.b_id=lnc_board_explain.b_id  GROUP BY lnc_board_name.b_name,lnc_board_explain.b_explain LIMIT 3   [ RunTime:0.0050s ]
SQL: SHOW COLUMNS FROM `lnc_tweets` [ RunTime:0.0020s ]
SQL: SELECT * FROM `lnc_tweets` INNER JOIN lnc_tweets_title on lnc_tweets.t_id=lnc_tweets_title.t_id INNER JOIN lnc_tweets_content on lnc_tweets.t_id=lnc_tweets_content.t_id INNER JOIN lnc_tweets_author on lnc_tweets.t_id=lnc_tweets_author.t_id  WHERE `t_state` = '2' ORDER BY lnc_tweets.t_read desc,lnc_tweets.t_date desc LIMIT 8   [ RunTime:0.0040s ]
INFO: [ view_parse ] --START--
INFO: [ template_filter ] --START--
INFO: Run Behavior\ContentReplaceBehavior [ RunTime:0.000000s ]
INFO: [ template_filter ] --END-- [ RunTime:0.001000s ]
NOTIC: [8] Use of undefined constant verify - assumed 'verify' D:\wamp64\www\lnc\Application\Runtime\Cache\Home\7caeb51c0b49554d06e6411062e36c44.php 第 104 行.
INFO: Run Behavior\ParseTemplateBehavior [ RunTime:0.020001s ]
INFO: [ view_parse ] --END-- [ RunTime:0.020001s ]
INFO: [ view_filter ] --START--
INFO: Run Behavior\WriteHtmlCacheBehavior [ RunTime:0.000000s ]
INFO: [ view_filter ] --END-- [ RunTime:0.000000s ]
INFO: [ app_end ] --START--
INFO: Run Behavior\ShowPageTraceBehavior [ RunTime:0.000000s ]
INFO: [ app_end ] --END-- [ RunTime:0.000000s ]

[ 2016-10-27T13:51:14+08:00 ] ::1 /lnc/index.php/Main/verify.html
INFO: [ app_init ] --START--
INFO: Run Behavior\BuildLiteBehavior [ RunTime:0.000000s ]
INFO: [ app_init ] --END-- [ RunTime:0.000000s ]
INFO: [ app_begin ] --START--
INFO: Run Behavior\ReadHtmlCacheBehavior [ RunTime:0.002001s ]
INFO: [ app_begin ] --END-- [ RunTime:0.002001s ]
NOTIC: [2] gzuncompress(): data error D:\wamp64\www\lnc\Application\Home\Common\Controller\CommonController.class.php 第 14 行.
SQL: SHOW COLUMNS FROM `lnc_plate` [ RunTime:0.0040s ]
SQL: SELECT * FROM `lnc_plate`  [ RunTime:0.0010s ]
INFO: [ app_end ] --START--
INFO: Run Behavior\ShowPageTraceBehavior [ RunTime:0.001000s ]
INFO: [ app_end ] --END-- [ RunTime:0.002000s ]

[ 2016-10-27T13:51:20+08:00 ] ::1 /lnc/Home/User/sendEmail
INFO: [ app_init ] --START--
INFO: Run Behavior\BuildLiteBehavior [ RunTime:0.000000s ]
INFO: [ app_init ] --END-- [ RunTime:0.000000s ]
INFO: [ app_begin ] --START--
INFO: Run Behavior\ReadHtmlCacheBehavior [ RunTime:0.001000s ]
INFO: [ app_begin ] --END-- [ RunTime:0.001000s ]
NOTIC: [2] gzuncompress(): data error D:\wamp64\www\lnc\Application\Home\Common\Controller\CommonController.class.php 第 14 行.
SQL: SHOW COLUMNS FROM `lnc_plate` [ RunTime:0.0020s ]
SQL: SELECT * FROM `lnc_plate`  [ RunTime:0.0000s ]

[ 2016-10-27T13:51:56+08:00 ] ::1 /lnc/
INFO: [ app_init ] --START--
INFO: Run Behavior\BuildLiteBehavior [ RunTime:0.000000s ]
INFO: [ app_init ] --END-- [ RunTime:0.000000s ]
INFO: [ app_begin ] --START--
INFO: Run Behavior\ReadHtmlCacheBehavior [ RunTime:0.000000s ]
INFO: [ app_begin ] --END-- [ RunTime:0.000000s ]
NOTIC: [2] gzuncompress(): data error D:\wamp64\www\lnc\Application\Home\Common\Controller\CommonController.class.php 第 14 行.
SQL: SHOW COLUMNS FROM `lnc_plate` [ RunTime:0.0010s ]
SQL: SELECT * FROM `lnc_plate`  [ RunTime:0.0000s ]
NOTIC: [2] gzuncompress(): data error D:\wamp64\www\lnc\Application\Home\Controller\MainController.class.php 第 18 行.
SQL: SHOW COLUMNS FROM `lnc_carousel` [ RunTime:0.0010s ]
SQL: SELECT * FROM `lnc_carousel`  [ RunTime:0.0000s ]
SQL: SHOW COLUMNS FROM `lnc_board` [ RunTime:0.0010s ]
SQL: SELECT lnc_board.b_id,lnc_board_name.b_name,lnc_board_explain.b_explain,lnc_board.b_headicon,SUM(lnc_post.p_read) as count FROM `lnc_board` INNER JOIN lnc_post on lnc_board.b_id=lnc_post.b_id INNER JOIN lnc_board_name on lnc_board.b_id=lnc_board_name.b_id INNER JOIN lnc_board_explain on lnc_board.b_id=lnc_board_explain.b_id  GROUP BY lnc_board_name.b_name,lnc_board_explain.b_explain LIMIT 3   [ RunTime:0.0010s ]
SQL: SHOW COLUMNS FROM `lnc_tweets` [ RunTime:0.0040s ]
SQL: SELECT * FROM `lnc_tweets` INNER JOIN lnc_tweets_title on lnc_tweets.t_id=lnc_tweets_title.t_id INNER JOIN lnc_tweets_content on lnc_tweets.t_id=lnc_tweets_content.t_id INNER JOIN lnc_tweets_author on lnc_tweets.t_id=lnc_tweets_author.t_id  WHERE `t_state` = '2' ORDER BY lnc_tweets.t_read desc,lnc_tweets.t_date desc LIMIT 8   [ RunTime:0.0010s ]
INFO: [ view_parse ] --START--
INFO: [ template_filter ] --START--
INFO: Run Behavior\ContentReplaceBehavior [ RunTime:0.000000s ]
INFO: [ template_filter ] --END-- [ RunTime:0.000000s ]
NOTIC: [8] Use of undefined constant verify - assumed 'verify' D:\wamp64\www\lnc\Application\Runtime\Cache\Home\7caeb51c0b49554d06e6411062e36c44.php 第 104 行.
INFO: Run Behavior\ParseTemplateBehavior [ RunTime:0.020001s ]
INFO: [ view_parse ] --END-- [ RunTime:0.020001s ]
INFO: [ view_filter ] --START--
INFO: Run Behavior\WriteHtmlCacheBehavior [ RunTime:0.000000s ]
INFO: [ view_filter ] --END-- [ RunTime:0.000000s ]
INFO: [ app_end ] --START--
INFO: Run Behavior\ShowPageTraceBehavior [ RunTime:0.000000s ]
INFO: [ app_end ] --END-- [ RunTime:0.001000s ]

[ 2016-10-27T13:51:57+08:00 ] ::1 /lnc/index.php/Main/verify.html
INFO: [ app_init ] --START--
INFO: Run Behavior\BuildLiteBehavior [ RunTime:0.000000s ]
INFO: [ app_init ] --END-- [ RunTime:0.000000s ]
INFO: [ app_begin ] --START--
INFO: Run Behavior\ReadHtmlCacheBehavior [ RunTime:0.001000s ]
INFO: [ app_begin ] --END-- [ RunTime:0.001000s ]
NOTIC: [2] gzuncompress(): data error D:\wamp64\www\lnc\Application\Home\Common\Controller\CommonController.class.php 第 14 行.
SQL: SHOW COLUMNS FROM `lnc_plate` [ RunTime:0.0030s ]
SQL: SELECT * FROM `lnc_plate`  [ RunTime:0.0000s ]
INFO: [ app_end ] --START--
INFO: Run Behavior\ShowPageTraceBehavior [ RunTime:0.001000s ]
INFO: [ app_end ] --END-- [ RunTime:0.002000s ]

[ 2016-10-27T13:52:02+08:00 ] ::1 /lnc/Home/User/sendEmail
INFO: [ app_init ] --START--
INFO: Run Behavior\BuildLiteBehavior [ RunTime:0.000000s ]
INFO: [ app_init ] --END-- [ RunTime:0.001000s ]
INFO: [ app_begin ] --START--
INFO: Run Behavior\ReadHtmlCacheBehavior [ RunTime:0.001000s ]
INFO: [ app_begin ] --END-- [ RunTime:0.001000s ]
NOTIC: [2] gzuncompress(): data error D:\wamp64\www\lnc\Application\Home\Common\Controller\CommonController.class.php 第 14 行.
SQL: SHOW COLUMNS FROM `lnc_plate` [ RunTime:0.0000s ]
SQL: SELECT * FROM `lnc_plate`  [ RunTime:0.0000s ]

[ 2016-10-27T13:53:28+08:00 ] ::1 /lnc/
INFO: [ app_init ] --START--
INFO: Run Behavior\BuildLiteBehavior [ RunTime:0.000000s ]
INFO: [ app_init ] --END-- [ RunTime:0.001000s ]
INFO: [ app_begin ] --START--
INFO: Run Behavior\ReadHtmlCacheBehavior [ RunTime:0.002000s ]
INFO: [ app_begin ] --END-- [ RunTime:0.003001s ]
NOTIC: [2] gzuncompress(): data error D:\wamp64\www\lnc\Application\Home\Common\Controller\CommonController.class.php 第 14 行.
SQL: SHOW COLUMNS FROM `lnc_plate` [ RunTime:0.0010s ]
SQL: SELECT * FROM `lnc_plate`  [ RunTime:0.0000s ]
NOTIC: [2] gzuncompress(): data error D:\wamp64\www\lnc\Application\Home\Controller\MainController.class.php 第 18 行.
SQL: SHOW COLUMNS FROM `lnc_carousel` [ RunTime:0.0020s ]
SQL: SELECT * FROM `lnc_carousel`  [ RunTime:0.0010s ]
SQL: SHOW COLUMNS FROM `lnc_board` [ RunTime:0.0030s ]
SQL: SELECT lnc_board.b_id,lnc_board_name.b_name,lnc_board_explain.b_explain,lnc_board.b_headicon,SUM(lnc_post.p_read) as count FROM `lnc_board` INNER JOIN lnc_post on lnc_board.b_id=lnc_post.b_id INNER JOIN lnc_board_name on lnc_board.b_id=lnc_board_name.b_id INNER JOIN lnc_board_explain on lnc_board.b_id=lnc_board_explain.b_id  GROUP BY lnc_board_name.b_name,lnc_board_explain.b_explain LIMIT 3   [ RunTime:0.0050s ]
SQL: SHOW COLUMNS FROM `lnc_tweets` [ RunTime:0.0020s ]
SQL: SELECT * FROM `lnc_tweets` INNER JOIN lnc_tweets_title on lnc_tweets.t_id=lnc_tweets_title.t_id INNER JOIN lnc_tweets_content on lnc_tweets.t_id=lnc_tweets_content.t_id INNER JOIN lnc_tweets_author on lnc_tweets.t_id=lnc_tweets_author.t_id  WHERE `t_state` = '2' ORDER BY lnc_tweets.t_read desc,lnc_tweets.t_date desc LIMIT 8   [ RunTime:0.0040s ]
INFO: [ view_parse ] --START--
INFO: [ template_filter ] --START--
INFO: Run Behavior\ContentReplaceBehavior [ RunTime:0.000000s ]
INFO: [ template_filter ] --END-- [ RunTime:0.000000s ]
NOTIC: [8] Use of undefined constant verify - assumed 'verify' D:\wamp64\www\lnc\Application\Runtime\Cache\Home\7caeb51c0b49554d06e6411062e36c44.php 第 104 行.
INFO: Run Behavior\ParseTemplateBehavior [ RunTime:0.015000s ]
INFO: [ view_parse ] --END-- [ RunTime:0.015000s ]
INFO: [ view_filter ] --START--
INFO: Run Behavior\WriteHtmlCacheBehavior [ RunTime:0.001000s ]
INFO: [ view_filter ] --END-- [ RunTime:0.001000s ]
INFO: [ app_end ] --START--
INFO: Run Behavior\ShowPageTraceBehavior [ RunTime:0.001001s ]
INFO: [ app_end ] --END-- [ RunTime:0.001001s ]

[ 2016-10-27T13:53:28+08:00 ] ::1 /lnc/index.php/Main/verify.html
INFO: [ app_init ] --START--
INFO: Run Behavior\BuildLiteBehavior [ RunTime:0.000000s ]
INFO: [ app_init ] --END-- [ RunTime:0.000000s ]
INFO: [ app_begin ] --START--
INFO: Run Behavior\ReadHtmlCacheBehavior [ RunTime:0.002000s ]
INFO: [ app_begin ] --END-- [ RunTime:0.002000s ]
NOTIC: [2] gzuncompress(): data error D:\wamp64\www\lnc\Application\Home\Common\Controller\CommonController.class.php 第 14 行.
SQL: SHOW COLUMNS FROM `lnc_plate` [ RunTime:0.0010s ]
SQL: SELECT * FROM `lnc_plate`  [ RunTime:0.0010s ]
INFO: [ app_end ] --START--
INFO: Run Behavior\ShowPageTraceBehavior [ RunTime:0.001000s ]
INFO: [ app_end ] --END-- [ RunTime:0.002000s ]

[ 2016-10-27T13:53:35+08:00 ] ::1 /lnc/Home/User/sendEmail
INFO: [ app_init ] --START--
INFO: Run Behavior\BuildLiteBehavior [ RunTime:0.000000s ]
INFO: [ app_init ] --END-- [ RunTime:0.001000s ]
INFO: [ app_begin ] --START--
INFO: Run Behavior\ReadHtmlCacheBehavior [ RunTime:0.000000s ]
INFO: [ app_begin ] --END-- [ RunTime:0.001000s ]
NOTIC: [2] gzuncompress(): data error D:\wamp64\www\lnc\Application\Home\Common\Controller\CommonController.class.php 第 14 行.
SQL: SHOW COLUMNS FROM `lnc_plate` [ RunTime:0.0010s ]
SQL: SELECT * FROM `lnc_plate`  [ RunTime:0.0000s ]

[ 2016-10-27T14:00:32+08:00 ] ::1 /lnc/
INFO: [ app_init ] --START--
INFO: Run Behavior\BuildLiteBehavior [ RunTime:0.000000s ]
INFO: [ app_init ] --END-- [ RunTime:0.001000s ]
INFO: [ app_begin ] --START--
INFO: Run Behavior\ReadHtmlCacheBehavior [ RunTime:0.002000s ]
INFO: [ app_begin ] --END-- [ RunTime:0.002000s ]
NOTIC: [2] gzuncompress(): data error D:\wamp64\www\lnc\Application\Home\Common\Controller\CommonController.class.php 第 14 行.
SQL: SHOW COLUMNS FROM `lnc_plate` [ RunTime:0.0000s ]
SQL: SELECT * FROM `lnc_plate`  [ RunTime:0.0000s ]
NOTIC: [2] gzuncompress(): data error D:\wamp64\www\lnc\Application\Home\Controller\MainController.class.php 第 18 行.
SQL: SHOW COLUMNS FROM `lnc_carousel` [ RunTime:0.0020s ]
SQL: SELECT * FROM `lnc_carousel`  [ RunTime:0.0000s ]
SQL: SHOW COLUMNS FROM `lnc_board` [ RunTime:0.0030s ]
SQL: SELECT lnc_board.b_id,lnc_board_name.b_name,lnc_board_explain.b_explain,lnc_board.b_headicon,SUM(lnc_post.p_read) as count FROM `lnc_board` INNER JOIN lnc_post on lnc_board.b_id=lnc_post.b_id INNER JOIN lnc_board_name on lnc_board.b_id=lnc_board_name.b_id INNER JOIN lnc_board_explain on lnc_board.b_id=lnc_board_explain.b_id  GROUP BY lnc_board_name.b_name,lnc_board_explain.b_explain LIMIT 3   [ RunTime:0.0040s ]
SQL: SHOW COLUMNS FROM `lnc_tweets` [ RunTime:0.0020s ]
SQL: SELECT * FROM `lnc_tweets` INNER JOIN lnc_tweets_title on lnc_tweets.t_id=lnc_tweets_title.t_id INNER JOIN lnc_tweets_content on lnc_tweets.t_id=lnc_tweets_content.t_id INNER JOIN lnc_tweets_author on lnc_tweets.t_id=lnc_tweets_author.t_id  WHERE `t_state` = '2' ORDER BY lnc_tweets.t_read desc,lnc_tweets.t_date desc LIMIT 8   [ RunTime:0.0040s ]
INFO: [ view_parse ] --START--
INFO: [ template_filter ] --START--
INFO: Run Behavior\ContentReplaceBehavior [ RunTime:0.000000s ]
INFO: [ template_filter ] --END-- [ RunTime:0.000000s ]
NOTIC: [8] Use of undefined constant verify - assumed 'verify' D:\wamp64\www\lnc\Application\Runtime\Cache\Home\7caeb51c0b49554d06e6411062e36c44.php 第 104 行.
INFO: Run Behavior\ParseTemplateBehavior [ RunTime:0.019001s ]
INFO: [ view_parse ] --END-- [ RunTime:0.019001s ]
INFO: [ view_filter ] --START--
INFO: Run Behavior\WriteHtmlCacheBehavior [ RunTime:0.001000s ]
INFO: [ view_filter ] --END-- [ RunTime:0.001000s ]
INFO: [ app_end ] --START--
INFO: Run Behavior\ShowPageTraceBehavior [ RunTime:0.001000s ]
INFO: [ app_end ] --END-- [ RunTime:0.001000s ]

[ 2016-10-27T14:00:32+08:00 ] ::1 /lnc/index.php/Main/verify.html
INFO: [ app_init ] --START--
INFO: Run Behavior\BuildLiteBehavior [ RunTime:0.001000s ]
INFO: [ app_init ] --END-- [ RunTime:0.001000s ]
INFO: [ app_begin ] --START--
INFO: Run Behavior\ReadHtmlCacheBehavior [ RunTime:0.001000s ]
INFO: [ app_begin ] --END-- [ RunTime:0.001000s ]
NOTIC: [2] gzuncompress(): data error D:\wamp64\www\lnc\Application\Home\Common\Controller\CommonController.class.php 第 14 行.
SQL: SHOW COLUMNS FROM `lnc_plate` [ RunTime:0.0010s ]
SQL: SELECT * FROM `lnc_plate`  [ RunTime:0.0010s ]
INFO: [ app_end ] --START--
INFO: Run Behavior\ShowPageTraceBehavior [ RunTime:0.001000s ]
INFO: [ app_end ] --END-- [ RunTime:0.001000s ]

[ 2016-10-27T14:00:39+08:00 ] ::1 /lnc/Home/User/sendEmail
INFO: [ app_init ] --START--
INFO: Run Behavior\BuildLiteBehavior [ RunTime:0.000000s ]
INFO: [ app_init ] --END-- [ RunTime:0.001000s ]
INFO: [ app_begin ] --START--
INFO: Run Behavior\ReadHtmlCacheBehavior [ RunTime:0.001000s ]
INFO: [ app_begin ] --END-- [ RunTime:0.001000s ]
NOTIC: [2] gzuncompress(): data error D:\wamp64\www\lnc\Application\Home\Common\Controller\CommonController.class.php 第 14 行.
SQL: SHOW COLUMNS FROM `lnc_plate` [ RunTime:0.0000s ]
SQL: SELECT * FROM `lnc_plate`  [ RunTime:0.0000s ]

[ 2016-10-27T14:01:08+08:00 ] ::1 /lnc/
INFO: [ app_init ] --START--
INFO: Run Behavior\BuildLiteBehavior [ RunTime:0.000000s ]
INFO: [ app_init ] --END-- [ RunTime:0.000000s ]
INFO: [ app_begin ] --START--
INFO: Run Behavior\ReadHtmlCacheBehavior [ RunTime:0.001000s ]
INFO: [ app_begin ] --END-- [ RunTime:0.001000s ]
NOTIC: [2] gzuncompress(): data error D:\wamp64\www\lnc\Application\Home\Common\Controller\CommonController.class.php 第 14 行.
SQL: SHOW COLUMNS FROM `lnc_plate` [ RunTime:0.0010s ]
SQL: SELECT * FROM `lnc_plate`  [ RunTime:0.0000s ]
NOTIC: [2] gzuncompress(): data error D:\wamp64\www\lnc\Application\Home\Controller\MainController.class.php 第 18 行.
SQL: SHOW COLUMNS FROM `lnc_carousel` [ RunTime:0.0030s ]
SQL: SELECT * FROM `lnc_carousel`  [ RunTime:0.0000s ]
SQL: SHOW COLUMNS FROM `lnc_board` [ RunTime:0.0030s ]
SQL: SELECT lnc_board.b_id,lnc_board_name.b_name,lnc_board_explain.b_explain,lnc_board.b_headicon,SUM(lnc_post.p_read) as count FROM `lnc_board` INNER JOIN lnc_post on lnc_board.b_id=lnc_post.b_id INNER JOIN lnc_board_name on lnc_board.b_id=lnc_board_name.b_id INNER JOIN lnc_board_explain on lnc_board.b_id=lnc_board_explain.b_id  GROUP BY lnc_board_name.b_name,lnc_board_explain.b_explain LIMIT 3   [ RunTime:0.0040s ]
SQL: SHOW COLUMNS FROM `lnc_tweets` [ RunTime:0.0010s ]
SQL: SELECT * FROM `lnc_tweets` INNER JOIN lnc_tweets_title on lnc_tweets.t_id=lnc_tweets_title.t_id INNER JOIN lnc_tweets_content on lnc_tweets.t_id=lnc_tweets_content.t_id INNER JOIN lnc_tweets_author on lnc_tweets.t_id=lnc_tweets_author.t_id  WHERE `t_state` = '2' ORDER BY lnc_tweets.t_read desc,lnc_tweets.t_date desc LIMIT 8   [ RunTime:0.0040s ]
INFO: [ view_parse ] --START--
INFO: [ template_filter ] --START--
INFO: Run Behavior\ContentReplaceBehavior [ RunTime:0.000000s ]
INFO: [ template_filter ] --END-- [ RunTime:0.000000s ]
NOTIC: [8] Use of undefined constant verify - assumed 'verify' D:\wamp64\www\lnc\Application\Runtime\Cache\Home\7caeb51c0b49554d06e6411062e36c44.php 第 104 行.
INFO: Run Behavior\ParseTemplateBehavior [ RunTime:0.022001s ]
INFO: [ view_parse ] --END-- [ RunTime:0.022001s ]
INFO: [ view_filter ] --START--
INFO: Run Behavior\WriteHtmlCacheBehavior [ RunTime:0.000000s ]
INFO: [ view_filter ] --END-- [ RunTime:0.000000s ]
INFO: [ app_end ] --START--
INFO: Run Behavior\ShowPageTraceBehavior [ RunTime:0.001000s ]
INFO: [ app_end ] --END-- [ RunTime:0.001000s ]

[ 2016-10-27T14:01:08+08:00 ] ::1 /lnc/index.php/Main/verify.html
INFO: [ app_init ] --START--
INFO: Run Behavior\BuildLiteBehavior [ RunTime:0.000000s ]
INFO: [ app_init ] --END-- [ RunTime:0.000000s ]
INFO: [ app_begin ] --START--
INFO: Run Behavior\ReadHtmlCacheBehavior [ RunTime:0.001000s ]
INFO: [ app_begin ] --END-- [ RunTime:0.001000s ]
NOTIC: [2] gzuncompress(): data error D:\wamp64\www\lnc\Application\Home\Common\Controller\CommonController.class.php 第 14 行.
SQL: SHOW COLUMNS FROM `lnc_plate` [ RunTime:0.0010s ]
SQL: SELECT * FROM `lnc_plate`  [ RunTime:0.0000s ]
INFO: [ app_end ] --START--
INFO: Run Behavior\ShowPageTraceBehavior [ RunTime:0.001001s ]
INFO: [ app_end ] --END-- [ RunTime:0.001001s ]

[ 2016-10-27T14:01:14+08:00 ] ::1 /lnc/Home/User/sendEmail
INFO: [ app_init ] --START--
INFO: Run Behavior\BuildLiteBehavior [ RunTime:0.000000s ]
INFO: [ app_init ] --END-- [ RunTime:0.001000s ]
INFO: [ app_begin ] --START--
INFO: Run Behavior\ReadHtmlCacheBehavior [ RunTime:0.000000s ]
INFO: [ app_begin ] --END-- [ RunTime:0.001000s ]
NOTIC: [2] gzuncompress(): data error D:\wamp64\www\lnc\Application\Home\Common\Controller\CommonController.class.php 第 14 行.
SQL: SHOW COLUMNS FROM `lnc_plate` [ RunTime:0.0010s ]
SQL: SELECT * FROM `lnc_plate`  [ RunTime:0.0010s ]

[ 2016-10-27T14:10:55+08:00 ] ::1 /lnc/
INFO: [ app_init ] --START--
INFO: Run Behavior\BuildLiteBehavior [ RunTime:0.000000s ]
INFO: [ app_init ] --END-- [ RunTime:0.001000s ]
INFO: [ app_begin ] --START--
INFO: Run Behavior\ReadHtmlCacheBehavior [ RunTime:0.001000s ]
INFO: [ app_begin ] --END-- [ RunTime:0.001000s ]
NOTIC: [2] gzuncompress(): data error D:\wamp64\www\lnc\Application\Home\Common\Controller\CommonController.class.php 第 14 行.
SQL: SHOW COLUMNS FROM `lnc_plate` [ RunTime:0.0010s ]
SQL: SELECT * FROM `lnc_plate`  [ RunTime:0.0000s ]
NOTIC: [2] gzuncompress(): data error D:\wamp64\www\lnc\Application\Home\Controller\MainController.class.php 第 18 行.
SQL: SHOW COLUMNS FROM `lnc_carousel` [ RunTime:0.0020s ]
SQL: SELECT * FROM `lnc_carousel`  [ RunTime:0.0000s ]
SQL: SHOW COLUMNS FROM `lnc_board` [ RunTime:0.0010s ]
SQL: SELECT lnc_board.b_id,lnc_board_name.b_name,lnc_board_explain.b_explain,lnc_board.b_headicon,SUM(lnc_post.p_read) as count FROM `lnc_board` INNER JOIN lnc_post on lnc_board.b_id=lnc_post.b_id INNER JOIN lnc_board_name on lnc_board.b_id=lnc_board_name.b_id INNER JOIN lnc_board_explain on lnc_board.b_id=lnc_board_explain.b_id  GROUP BY lnc_board_name.b_name,lnc_board_explain.b_explain LIMIT 3   [ RunTime:0.0060s ]
SQL: SHOW COLUMNS FROM `lnc_tweets` [ RunTime:0.0020s ]
SQL: SELECT * FROM `lnc_tweets` INNER JOIN lnc_tweets_title on lnc_tweets.t_id=lnc_tweets_title.t_id INNER JOIN lnc_tweets_content on lnc_tweets.t_id=lnc_tweets_content.t_id INNER JOIN lnc_tweets_author on lnc_tweets.t_id=lnc_tweets_author.t_id  WHERE `t_state` = '2' ORDER BY lnc_tweets.t_read desc,lnc_tweets.t_date desc LIMIT 8   [ RunTime:0.0030s ]
INFO: [ view_parse ] --START--
INFO: [ template_filter ] --START--
INFO: Run Behavior\ContentReplaceBehavior [ RunTime:0.000000s ]
INFO: [ template_filter ] --END-- [ RunTime:0.000000s ]
NOTIC: [8] Use of undefined constant verify - assumed 'verify' D:\wamp64\www\lnc\Application\Runtime\Cache\Home\7caeb51c0b49554d06e6411062e36c44.php 第 104 行.
INFO: Run Behavior\ParseTemplateBehavior [ RunTime:0.021002s ]
INFO: [ view_parse ] --END-- [ RunTime:0.021002s ]
INFO: [ view_filter ] --START--
INFO: Run Behavior\WriteHtmlCacheBehavior [ RunTime:0.000000s ]
INFO: [ view_filter ] --END-- [ RunTime:0.000000s ]
INFO: [ app_end ] --START--
INFO: Run Behavior\ShowPageTraceBehavior [ RunTime:0.000000s ]
INFO: [ app_end ] --END-- [ RunTime:0.000000s ]

[ 2016-10-27T14:10:56+08:00 ] ::1 /lnc/index.php/Main/verify.html
INFO: [ app_init ] --START--
INFO: Run Behavior\BuildLiteBehavior [ RunTime:0.000000s ]
INFO: [ app_init ] --END-- [ RunTime:0.000000s ]
INFO: [ app_begin ] --START--
INFO: Run Behavior\ReadHtmlCacheBehavior [ RunTime:0.001000s ]
INFO: [ app_begin ] --END-- [ RunTime:0.001000s ]
NOTIC: [2] gzuncompress(): data error D:\wamp64\www\lnc\Application\Home\Common\Controller\CommonController.class.php 第 14 行.
SQL: SHOW COLUMNS FROM `lnc_plate` [ RunTime:0.0010s ]
SQL: SELECT * FROM `lnc_plate`  [ RunTime:0.0010s ]
INFO: [ app_end ] --START--
INFO: Run Behavior\ShowPageTraceBehavior [ RunTime:0.001000s ]
INFO: [ app_end ] --END-- [ RunTime:0.001000s ]

[ 2016-10-27T14:32:19+08:00 ] ::1 /lnc/
INFO: [ app_init ] --START--
INFO: Run Behavior\BuildLiteBehavior [ RunTime:0.000000s ]
INFO: [ app_init ] --END-- [ RunTime:0.001000s ]
INFO: [ app_begin ] --START--
INFO: Run Behavior\ReadHtmlCacheBehavior [ RunTime:0.001000s ]
INFO: [ app_begin ] --END-- [ RunTime:0.001000s ]
NOTIC: [2] gzuncompress(): data error D:\wamp64\www\lnc\Application\Home\Common\Controller\CommonController.class.php 第 14 行.
SQL: SHOW COLUMNS FROM `lnc_plate` [ RunTime:0.0010s ]
SQL: SELECT * FROM `lnc_plate`  [ RunTime:0.0000s ]
NOTIC: [2] gzuncompress(): data error D:\wamp64\www\lnc\Application\Home\Controller\MainController.class.php 第 18 行.
SQL: SHOW COLUMNS FROM `lnc_carousel` [ RunTime:0.0010s ]
SQL: SELECT * FROM `lnc_carousel`  [ RunTime:0.0000s ]
SQL: SHOW COLUMNS FROM `lnc_board` [ RunTime:0.0020s ]
SQL: SELECT lnc_board.b_id,lnc_board_name.b_name,lnc_board_explain.b_explain,lnc_board.b_headicon,SUM(lnc_post.p_read) as count FROM `lnc_board` INNER JOIN lnc_post on lnc_board.b_id=lnc_post.b_id INNER JOIN lnc_board_name on lnc_board.b_id=lnc_board_name.b_id INNER JOIN lnc_board_explain on lnc_board.b_id=lnc_board_explain.b_id  GROUP BY lnc_board_name.b_name,lnc_board_explain.b_explain LIMIT 3   [ RunTime:0.0040s ]
SQL: SHOW COLUMNS FROM `lnc_tweets` [ RunTime:0.0030s ]
SQL: SELECT * FROM `lnc_tweets` INNER JOIN lnc_tweets_title on lnc_tweets.t_id=lnc_tweets_title.t_id INNER JOIN lnc_tweets_content on lnc_tweets.t_id=lnc_tweets_content.t_id INNER JOIN lnc_tweets_author on lnc_tweets.t_id=lnc_tweets_author.t_id  WHERE `t_state` = '2' ORDER BY lnc_tweets.t_read desc,lnc_tweets.t_date desc LIMIT 8   [ RunTime:0.0040s ]
INFO: [ view_parse ] --START--
INFO: [ template_filter ] --START--
INFO: Run Behavior\ContentReplaceBehavior [ RunTime:0.000000s ]
INFO: [ template_filter ] --END-- [ RunTime:0.000000s ]
NOTIC: [8] Use of undefined constant verify - assumed 'verify' D:\wamp64\www\lnc\Application\Runtime\Cache\Home\7caeb51c0b49554d06e6411062e36c44.php 第 104 行.
INFO: Run Behavior\ParseTemplateBehavior [ RunTime:0.015001s ]
INFO: [ view_parse ] --END-- [ RunTime:0.015001s ]
INFO: [ view_filter ] --START--
INFO: Run Behavior\WriteHtmlCacheBehavior [ RunTime:0.001000s ]
INFO: [ view_filter ] --END-- [ RunTime:0.001000s ]
INFO: [ app_end ] --START--
INFO: Run Behavior\ShowPageTraceBehavior [ RunTime:0.001000s ]
INFO: [ app_end ] --END-- [ RunTime:0.001000s ]

[ 2016-10-27T14:32:20+08:00 ] ::1 /lnc/index.php/Main/verify.html
INFO: [ app_init ] --START--
INFO: Run Behavior\BuildLiteBehavior [ RunTime:0.000000s ]
INFO: [ app_init ] --END-- [ RunTime:0.002000s ]
INFO: [ app_begin ] --START--
INFO: Run Behavior\ReadHtmlCacheBehavior [ RunTime:0.001000s ]
INFO: [ app_begin ] --END-- [ RunTime:0.001000s ]
NOTIC: [2] gzuncompress(): data error D:\wamp64\www\lnc\Application\Home\Common\Controller\CommonController.class.php 第 14 行.
SQL: SHOW COLUMNS FROM `lnc_plate` [ RunTime:0.0010s ]
SQL: SELECT * FROM `lnc_plate`  [ RunTime:0.0010s ]
INFO: [ app_end ] --START--
INFO: Run Behavior\ShowPageTraceBehavior [ RunTime:0.002000s ]
INFO: [ app_end ] --END-- [ RunTime:0.002000s ]

[ 2016-10-27T14:32:27+08:00 ] ::1 /lnc/Home/User/sendEmail
INFO: [ app_init ] --START--
INFO: Run Behavior\BuildLiteBehavior [ RunTime:0.000000s ]
INFO: [ app_init ] --END-- [ RunTime:0.000000s ]
INFO: [ app_begin ] --START--
INFO: Run Behavior\ReadHtmlCacheBehavior [ RunTime:0.001000s ]
INFO: [ app_begin ] --END-- [ RunTime:0.001000s ]
NOTIC: [2] gzuncompress(): data error D:\wamp64\www\lnc\Application\Home\Common\Controller\CommonController.class.php 第 14 行.
SQL: SHOW COLUMNS FROM `lnc_plate` [ RunTime:0.0010s ]
SQL: SELECT * FROM `lnc_plate`  [ RunTime:0.0000s ]

[ 2016-10-27T14:47:32+08:00 ] ::1 /lnc/
INFO: [ app_init ] --START--
INFO: Run Behavior\BuildLiteBehavior [ RunTime:0.000000s ]
INFO: [ app_init ] --END-- [ RunTime:0.000000s ]
INFO: [ app_begin ] --START--
INFO: Run Behavior\ReadHtmlCacheBehavior [ RunTime:0.001000s ]
INFO: [ app_begin ] --END-- [ RunTime:0.002000s ]
NOTIC: [2] gzuncompress(): data error D:\wamp64\www\lnc\Application\Home\Common\Controller\CommonController.class.php 第 14 行.
SQL: SHOW COLUMNS FROM `lnc_plate` [ RunTime:0.0020s ]
SQL: SELECT * FROM `lnc_plate`  [ RunTime:0.0000s ]
NOTIC: [2] gzuncompress(): data error D:\wamp64\www\lnc\Application\Home\Controller\MainController.class.php 第 18 行.
SQL: SHOW COLUMNS FROM `lnc_carousel` [ RunTime:0.0010s ]
SQL: SELECT * FROM `lnc_carousel`  [ RunTime:0.0010s ]
SQL: SHOW COLUMNS FROM `lnc_board` [ RunTime:0.0010s ]
SQL: SELECT lnc_board.b_id,lnc_board_name.b_name,lnc_board_explain.b_explain,lnc_board.b_headicon,SUM(lnc_post.p_read) as count FROM `lnc_board` INNER JOIN lnc_post on lnc_board.b_id=lnc_post.b_id INNER JOIN lnc_board_name on lnc_board.b_id=lnc_board_name.b_id INNER JOIN lnc_board_explain on lnc_board.b_id=lnc_board_explain.b_id  GROUP BY lnc_board_name.b_name,lnc_board_explain.b_explain LIMIT 3   [ RunTime:0.0010s ]
SQL: SHOW COLUMNS FROM `lnc_tweets` [ RunTime:0.0000s ]
SQL: SELECT * FROM `lnc_tweets` INNER JOIN lnc_tweets_title on lnc_tweets.t_id=lnc_tweets_title.t_id INNER JOIN lnc_tweets_content on lnc_tweets.t_id=lnc_tweets_content.t_id INNER JOIN lnc_tweets_author on lnc_tweets.t_id=lnc_tweets_author.t_id  WHERE `t_state` = '2' ORDER BY lnc_tweets.t_read desc,lnc_tweets.t_date desc LIMIT 8   [ RunTime:0.0010s ]
INFO: [ view_parse ] --START--
INFO: [ template_filter ] --START--
INFO: Run Behavior\ContentReplaceBehavior [ RunTime:0.000000s ]
INFO: [ template_filter ] --END-- [ RunTime:0.000000s ]
NOTIC: [8] Use of undefined constant verify - assumed 'verify' D:\wamp64\www\lnc\Application\Runtime\Cache\Home\7caeb51c0b49554d06e6411062e36c44.php 第 104 行.
INFO: Run Behavior\ParseTemplateBehavior [ RunTime:0.025001s ]
INFO: [ view_parse ] --END-- [ RunTime:0.025001s ]
INFO: [ view_filter ] --START--
INFO: Run Behavior\WriteHtmlCacheBehavior [ RunTime:0.001000s ]
INFO: [ view_filter ] --END-- [ RunTime:0.001000s ]
INFO: [ app_end ] --START--
INFO: Run Behavior\ShowPageTraceBehavior [ RunTime:0.002000s ]
INFO: [ app_end ] --END-- [ RunTime:0.003000s ]

[ 2016-10-27T14:47:32+08:00 ] ::1 /lnc/index.php/Main/verify.html
INFO: [ app_init ] --START--
INFO: Run Behavior\BuildLiteBehavior [ RunTime:0.000000s ]
INFO: [ app_init ] --END-- [ RunTime:0.001000s ]
INFO: [ app_begin ] --START--
INFO: Run Behavior\ReadHtmlCacheBehavior [ RunTime:0.001000s ]
INFO: [ app_begin ] --END-- [ RunTime:0.002000s ]
NOTIC: [2] gzuncompress(): data error D:\wamp64\www\lnc\Application\Home\Common\Controller\CommonController.class.php 第 14 行.
SQL: SHOW COLUMNS FROM `lnc_plate` [ RunTime:0.0020s ]
SQL: SELECT * FROM `lnc_plate`  [ RunTime:0.0000s ]
INFO: [ app_end ] --START--
INFO: Run Behavior\ShowPageTraceBehavior [ RunTime:0.001000s ]
INFO: [ app_end ] --END-- [ RunTime:0.001000s ]

[ 2016-10-27T14:47:53+08:00 ] ::1 /lnc/
INFO: [ app_init ] --START--
INFO: Run Behavior\BuildLiteBehavior [ RunTime:0.000000s ]
INFO: [ app_init ] --END-- [ RunTime:0.000000s ]
INFO: [ app_begin ] --START--
INFO: Run Behavior\ReadHtmlCacheBehavior [ RunTime:0.000000s ]
INFO: [ app_begin ] --END-- [ RunTime:0.000000s ]
NOTIC: [2] gzuncompress(): data error D:\wamp64\www\lnc\Application\Home\Common\Controller\CommonController.class.php 第 14 行.
SQL: SHOW COLUMNS FROM `lnc_plate` [ RunTime:0.0020s ]
SQL: SELECT * FROM `lnc_plate`  [ RunTime:0.0020s ]
NOTIC: [2] gzuncompress(): data error D:\wamp64\www\lnc\Application\Home\Controller\MainController.class.php 第 18 行.
SQL: SHOW COLUMNS FROM `lnc_carousel` [ RunTime:0.0010s ]
SQL: SELECT * FROM `lnc_carousel`  [ RunTime:0.0010s ]
SQL: SHOW COLUMNS FROM `lnc_board` [ RunTime:0.0020s ]
SQL: SELECT lnc_board.b_id,lnc_board_name.b_name,lnc_board_explain.b_explain,lnc_board.b_headicon,SUM(lnc_post.p_read) as count FROM `lnc_board` INNER JOIN lnc_post on lnc_board.b_id=lnc_post.b_id INNER JOIN lnc_board_name on lnc_board.b_id=lnc_board_name.b_id INNER JOIN lnc_board_explain on lnc_board.b_id=lnc_board_explain.b_id  GROUP BY lnc_board_name.b_name,lnc_board_explain.b_explain LIMIT 3   [ RunTime:0.0000s ]
SQL: SHOW COLUMNS FROM `lnc_tweets` [ RunTime:0.0010s ]
SQL: SELECT * FROM `lnc_tweets` INNER JOIN lnc_tweets_title on lnc_tweets.t_id=lnc_tweets_title.t_id INNER JOIN lnc_tweets_content on lnc_tweets.t_id=lnc_tweets_content.t_id INNER JOIN lnc_tweets_author on lnc_tweets.t_id=lnc_tweets_author.t_id  WHERE `t_state` = '2' ORDER BY lnc_tweets.t_read desc,lnc_tweets.t_date desc LIMIT 8   [ RunTime:0.0010s ]
INFO: [ view_parse ] --START--
INFO: [ template_filter ] --START--
INFO: Run Behavior\ContentReplaceBehavior [ RunTime:0.000000s ]
INFO: [ template_filter ] --END-- [ RunTime:0.000000s ]
NOTIC: [8] Use of undefined constant verify - assumed 'verify' D:\wamp64\www\lnc\Application\Runtime\Cache\Home\7caeb51c0b49554d06e6411062e36c44.php 第 104 行.
INFO: Run Behavior\ParseTemplateBehavior [ RunTime:0.028002s ]
INFO: [ view_parse ] --END-- [ RunTime:0.029002s ]
INFO: [ view_filter ] --START--
INFO: Run Behavior\WriteHtmlCacheBehavior [ RunTime:0.000000s ]
INFO: [ view_filter ] --END-- [ RunTime:0.001000s ]
INFO: [ app_end ] --START--
INFO: Run Behavior\ShowPageTraceBehavior [ RunTime:0.001000s ]
INFO: [ app_end ] --END-- [ RunTime:0.001000s ]

[ 2016-10-27T14:47:54+08:00 ] ::1 /lnc/index.php/Main/verify.html
INFO: [ app_init ] --START--
INFO: Run Behavior\BuildLiteBehavior [ RunTime:0.000000s ]
INFO: [ app_init ] --END-- [ RunTime:0.001000s ]
INFO: [ app_begin ] --START--
INFO: Run Behavior\ReadHtmlCacheBehavior [ RunTime:0.001001s ]
INFO: [ app_begin ] --END-- [ RunTime:0.001001s ]
NOTIC: [2] gzuncompress(): data error D:\wamp64\www\lnc\Application\Home\Common\Controller\CommonController.class.php 第 14 行.
SQL: SHOW COLUMNS FROM `lnc_plate` [ RunTime:0.0010s ]
SQL: SELECT * FROM `lnc_plate`  [ RunTime:0.0000s ]
INFO: [ app_end ] --START--
INFO: Run Behavior\ShowPageTraceBehavior [ RunTime:0.001000s ]
INFO: [ app_end ] --END-- [ RunTime:0.001000s ]

[ 2016-10-27T14:48:01+08:00 ] ::1 /lnc/Home/User/sendEmail
INFO: [ app_init ] --START--
INFO: Run Behavior\BuildLiteBehavior [ RunTime:0.000000s ]
INFO: [ app_init ] --END-- [ RunTime:0.000000s ]
INFO: [ app_begin ] --START--
INFO: Run Behavior\ReadHtmlCacheBehavior [ RunTime:0.000000s ]
INFO: [ app_begin ] --END-- [ RunTime:0.000000s ]
NOTIC: [2] gzuncompress(): data error D:\wamp64\www\lnc\Application\Home\Common\Controller\CommonController.class.php 第 14 行.
SQL: SHOW COLUMNS FROM `lnc_plate` [ RunTime:0.0010s ]
SQL: SELECT * FROM `lnc_plate`  [ RunTime:0.0010s ]

