[ 2016-11-13T23:04:34+08:00 ] ::1 /lnc/assets/js/config-min.js
ERR: 无法加载控制器:Assets

[ 2016-11-13T23:04:34+08:00 ] ::1 /lnc/assets/js/bui-min.js
ERR: 无法加载控制器:Assets

[ 2016-11-13T23:04:34+08:00 ] ::1 /lnc/assets/js/common/main-min.js
ERR: 无法加载控制器:Assets

[ 2016-11-13T23:04:34+08:00 ] ::1 /lnc/assets/js/jquery-1.8.1.min.js
ERR: 无法加载控制器:Assets

[ 2016-11-13T23:04:34+08:00 ] ::1 /lnc/assets/js/bui-min.js
ERR: 无法加载控制器:Assets

[ 2016-11-13T23:04:34+08:00 ] ::1 /lnc/assets/js/common/main-min.js
ERR: 无法加载控制器:Assets

[ 2016-11-13T23:04:34+08:00 ] ::1 /lnc/assets/js/config-min.js
ERR: 无法加载控制器:Assets

[ 2016-11-13T23:05:13+08:00 ] ::1 /lnc/Node/index.html
ERR: 无法加载控制器:Node

[ 2016-11-13T23:05:26+08:00 ] ::1 /lnc/Node/index.html
ERR: 无法加载控制器:Node

[ 2016-11-13T23:05:28+08:00 ] ::1 /lnc/Role/index.html
ERR: 无法加载控制器:Role

[ 2016-11-13T23:05:29+08:00 ] ::1 /lnc/Node/index.html
ERR: 无法加载控制器:Node

