[ 2016-11-05T11:01:27+08:00 ] ::1 /lnc/index.php/BoardManage/postManagement/id/5.html
ERR: 1064:You have an error in your SQL syntax; check the manual that corresponds to your MySQL server version for the right syntax to use near ')' at line 1
 [ SQL语句 ] : SELECT * FROM `lnc_post_title` WHERE `p_id` IN () 

[ 2016-11-05T11:02:35+08:00 ] ::1 /lnc/index.php/BoardManage/postManagement/id/5.html
ERR: 1064:You have an error in your SQL syntax; check the manual that corresponds to your MySQL server version for the right syntax to use near ')' at line 1
 [ SQL语句 ] : SELECT * FROM `lnc_post_title` WHERE `p_id` IN () 

[ 2016-11-05T11:05:00+08:00 ] ::1 /lnc/index.php/BoardManage/postManagement/id/5.html
ERR: 1064:You have an error in your SQL syntax; check the manual that corresponds to your MySQL server version for the right syntax to use near ')' at line 1
 [ SQL语句 ] : SELECT * FROM `lnc_post_title` WHERE `p_id` IN () 

[ 2016-11-05T11:05:04+08:00 ] ::1 /lnc/index.php/BoardManage/postManagement/id/5.html
ERR: 1064:You have an error in your SQL syntax; check the manual that corresponds to your MySQL server version for the right syntax to use near ')' at line 1
 [ SQL语句 ] : SELECT * FROM `lnc_post_title` WHERE `p_id` IN () 

[ 2016-11-05T11:13:50+08:00 ] ::1 /lnc/index.php/BoardManage/tweetsManagement/u_id/10045.html
ERR: syntax error, unexpected 'print_r' (T_STRING)

[ 2016-11-05T11:16:22+08:00 ] ::1 /lnc/index.php/BoardManage/tweetsManagement/u_id/10045.html
ERR: 1054:Unknown column 'title' in 'field list'
 [ SQL语句 ] : SELECT `t_id`,`title` FROM `lnc_tweets` WHERE `u_id` = 10045 

[ 2016-11-05T11:17:48+08:00 ] ::1 /lnc/index.php/BoardManage/tweetsManagement/u_id/10045.html
ERR: 1054:Unknown column 'title' in 'field list'
 [ SQL语句 ] : SELECT `t_id`,`title` FROM `lnc_tweets` WHERE `u_id` = 10045 

[ 2016-11-05T11:18:04+08:00 ] ::1 /lnc/index.php/BoardManage/tweetsManagement/u_id/10045.html
ERR: 1054:Unknown column 'title' in 'field list'
 [ SQL语句 ] : SELECT `t_id`,`title` FROM `lnc_tweets` WHERE `u_id` = 10045 

[ 2016-11-05T11:18:05+08:00 ] ::1 /lnc/index.php/BoardManage/tweetsManagement/u_id/10045.html
ERR: 1054:Unknown column 'title' in 'field list'
 [ SQL语句 ] : SELECT `t_id`,`title` FROM `lnc_tweets` WHERE `u_id` = 10045 

[ 2016-11-05T11:18:14+08:00 ] ::1 /lnc/index.php/BoardManage/tweetsManagement/u_id/10045.html
ERR: 1054:Unknown column 'tweets_title.title' in 'field list'
 [ SQL语句 ] : SELECT `t_id`,tweets_title.title FROM `lnc_tweets` WHERE `u_id` = 10045 

[ 2016-11-05T11:18:16+08:00 ] ::1 /lnc/index.php/BoardManage/tweetsManagement/u_id/10045.html
ERR: 1054:Unknown column 'tweets_title.title' in 'field list'
 [ SQL语句 ] : SELECT `t_id`,tweets_title.title FROM `lnc_tweets` WHERE `u_id` = 10045 

[ 2016-11-05T11:27:01+08:00 ] ::1 /lnc/index.php/BoardManage/tweetsManagement/u_id/10045.html
ERR: __clone method called on non-object

[ 2016-11-05T11:31:24+08:00 ] ::1 /lnc/index.php/Home/BoardManage/publish_tuiwen.html
ERR: 非法操作:publish_tuiwen

[ 2016-11-05T11:31:29+08:00 ] ::1 /lnc/index.php/Home/BoardManage/publish_tuiwen.html
ERR: 非法操作:publish_tuiwen

[ 2016-11-05T11:31:32+08:00 ] ::1 /lnc/index.php/Home/BoardManage/publish_tuiwen.html
ERR: 非法操作:publish_tuiwen

[ 2016-11-05T11:31:37+08:00 ] ::1 /lnc/index.php/Home/BoardManage/publish_tuiwen.html
ERR: 非法操作:publish_tuiwen

[ 2016-11-05T11:31:38+08:00 ] ::1 /lnc/index.php/Home/BoardManage/publish_tuiwen.html
ERR: 非法操作:publish_tuiwen

[ 2016-11-05T11:31:40+08:00 ] ::1 /lnc/index.php/Home/BoardManage/publish_tuiwen.html
ERR: 非法操作:publish_tuiwen

[ 2016-11-05T11:31:42+08:00 ] ::1 /lnc/index.php/Home/BoardManage/publish_tuiwen.html
ERR: 非法操作:publish_tuiwen

[ 2016-11-05T11:32:03+08:00 ] ::1 /lnc/index.php/Home/BoardManage/publish_tuiwen.html
ERR: 非法操作:publish_tuiwen

[ 2016-11-05T13:15:32+08:00 ] ::1 /lnc/BoardManage/selectTweets/t_id/51
ERR: 模板不存在:./Application/Home/View/BoardManage/selectTweets.html

[ 2016-11-05T13:24:33+08:00 ] ::1 /lnc/Public/css/bootstrap.min.css.map
ERR: 无法加载控制器:Public

[ 2016-11-05T13:28:26+08:00 ] ::1 /lnc/BoardManage/updateTweets
INFO: [ app_begin ] --START--
INFO: Run Behavior\ReadHtmlCacheBehavior [ RunTime:0.001000s ]
INFO: [ app_begin ] --END-- [ RunTime:0.002000s ]

[ 2016-11-05T13:28:46+08:00 ] ::1 /lnc/Public/css/bootstrap.min.css.map
ERR: 无法加载控制器:Public

[ 2016-11-05T13:28:54+08:00 ] ::1 /lnc/BoardManage/updateTweets
INFO: [ app_begin ] --START--
INFO: Run Behavior\ReadHtmlCacheBehavior [ RunTime:0.000000s ]
INFO: [ app_begin ] --END-- [ RunTime:0.001000s ]

[ 2016-11-05T13:33:49+08:00 ] ::1 /lnc/BoardManage/updateTweets
INFO: [ app_begin ] --START--
INFO: Run Behavior\ReadHtmlCacheBehavior [ RunTime:0.001000s ]
INFO: [ app_begin ] --END-- [ RunTime:0.002000s ]
SQL: SHOW COLUMNS FROM `lnc_tweets` [ RunTime:0.0010s ]
NOTIC: [8] Undefined index: validate D:\wamp64\www\lnc\ThinkPHP\Library\Think\Model.class.php 第 1185 行.
NOTIC: [8] Undefined index: auto D:\wamp64\www\lnc\ThinkPHP\Library\Think\Model.class.php 第 1128 行.

[ 2016-11-05T13:34:03+08:00 ] ::1 /lnc/Public/css/bootstrap.min.css.map
ERR: 无法加载控制器:Public

[ 2016-11-05T13:34:11+08:00 ] ::1 /lnc/BoardManage/updateTweets
INFO: [ app_begin ] --START--
INFO: Run Behavior\ReadHtmlCacheBehavior [ RunTime:0.000000s ]
INFO: [ app_begin ] --END-- [ RunTime:0.001000s ]
SQL: SHOW COLUMNS FROM `lnc_tweets` [ RunTime:0.0010s ]
NOTIC: [8] Undefined index: validate D:\wamp64\www\lnc\ThinkPHP\Library\Think\Model.class.php 第 1185 行.
NOTIC: [8] Undefined index: auto D:\wamp64\www\lnc\ThinkPHP\Library\Think\Model.class.php 第 1128 行.

[ 2016-11-05T13:34:42+08:00 ] ::1 /lnc/Public/css/bootstrap.min.css.map
ERR: 无法加载控制器:Public

[ 2016-11-05T13:34:53+08:00 ] ::1 /lnc/BoardManage/updateTweets
INFO: [ app_begin ] --START--
INFO: Run Behavior\ReadHtmlCacheBehavior [ RunTime:0.001000s ]
INFO: [ app_begin ] --END-- [ RunTime:0.002000s ]
SQL: SHOW COLUMNS FROM `lnc_tweets` [ RunTime:0.0000s ]
INFO: [ app_end ] --START--
INFO: Run Behavior\ShowPageTraceBehavior [ RunTime:0.000000s ]
INFO: [ app_end ] --END-- [ RunTime:0.000000s ]

[ 2016-11-05T14:01:09+08:00 ] ::1 /lnc/index.php/BoardManage/resetWord/u_id/10045.html
ERR: 非法操作:resetWord

[ 2016-11-05T14:19:05+08:00 ] ::1 /lnc/index.php/Home/BoardManage/left/id/10045
ERR: syntax error, unexpected ''BoardManage/upload;?>">安全' (T_ENCAPSED_AND_WHITESPACE)

[ 2016-11-05T14:19:17+08:00 ] ::1 /lnc/index.php/Home/BoardManage/left/id/10045
ERR: syntax error, unexpected ';', expecting ',' or ')'

[ 2016-11-05T14:19:18+08:00 ] ::1 /lnc/index.php/Home/BoardManage/left/id/10045
ERR: syntax error, unexpected ';', expecting ',' or ')'

[ 2016-11-05T14:19:19+08:00 ] ::1 /lnc/index.php/Home/BoardManage/left/id/10045
ERR: syntax error, unexpected ';', expecting ',' or ')'

[ 2016-11-05T14:19:19+08:00 ] ::1 /lnc/index.php/Home/BoardManage/left/id/10045
ERR: syntax error, unexpected ';', expecting ',' or ')'

[ 2016-11-05T14:19:19+08:00 ] ::1 /lnc/index.php/Home/BoardManage/left/id/10045
ERR: syntax error, unexpected ';', expecting ',' or ')'

[ 2016-11-05T14:19:27+08:00 ] ::1 /lnc/index.php/Home/BoardManage/left/id/10045
ERR: syntax error, unexpected ';', expecting ',' or ')'

[ 2016-11-05T14:19:29+08:00 ] ::1 /lnc/index.php/Home/BoardManage/left/id/10045
ERR: syntax error, unexpected ';', expecting ',' or ')'

[ 2016-11-05T14:25:54+08:00 ] ::1 /lnc/index.php/Main/index.html
ERR: 1054:Unknown column 'lnc_post.p_read' in 'field list'
 [ SQL语句 ] : SELECT lnc_board.b_id,lnc_board_name.b_name,lnc_board_explain.b_explain,lnc_board.b_headicon,SUM(lnc_post.p_read) as count FROM `lnc_board` INNER JOIN lnc_board_name on lnc_board.b_id=lnc_board_name.b_id INNER JOIN lnc_board_explain on lnc_board.b_id=lnc_board_explain.b_id  GROUP BY lnc_board_name.b_name,lnc_board_explain.b_explain LIMIT 3  

[ 2016-11-05T14:26:01+08:00 ] ::1 /lnc/index.php/Main/index.html
ERR: 1054:Unknown column 'lnc_post.p_read' in 'field list'
 [ SQL语句 ] : SELECT lnc_board.b_id,lnc_board_name.b_name,lnc_board_explain.b_explain,lnc_board.b_headicon,SUM(lnc_post.p_read) as count FROM `lnc_board` INNER JOIN lnc_board_name on lnc_board.b_id=lnc_board_name.b_id INNER JOIN lnc_board_explain on lnc_board.b_id=lnc_board_explain.b_id  GROUP BY lnc_board_name.b_name,lnc_board_explain.b_explain LIMIT 3  

